File c:\winapps\mbi\logs\EVO_FW2P17_BRD5_15PCS_RESEAT17_DeviceData.log Created: 6/24/2019 04:42:05 PM Primary Diag: EVO_FW2p17.s19, N/A, N/A, N/A

 System ol03 MBI Burn In Wizard 6.7.8 - 
 Device: EVO_FW2p17
Entered Lot Qty: 15
Found Qty: 15
LOT_ID:EVO_FW2P17_BRD5_15PCS_RESEAT17
LotID, StartTime, LogTime, BIB, Driver, Data....
Slot 5 NRDs = ,5,10,15,19,20,
"EVO_FW2P17_BRD5_15PCS_RESEAT17,6/24/2019 4:37:24 PM,6/24/2019 4:42:05 PM,01180101120005,02170104120083,D,5,83,0,0,0,0,0,0,0,0,2,0,0,0,0,0,0,0,0,0,2,0,0,0,0,0,0,0,0,0,2,0,0,0,0,0,0,0,2,0,2,0,32,1,0,0,0,0,0,0,0,0,0,0,0,0,0,0,0,0,0,0,0,0,0,0,0,0,0,0,0,0,0,0,0,0,0,0,0,0,0,0,0,0,0,,"
"EVO_FW2P17_BRD5_15PCS_RESEAT17,6/24/2019 4:37:24 PM,6/24/2019 4:45:59 PM,01180101120005,02170104120083,D,5,83,0,0,0,0,0,0,0,0,2,0,0,0,0,0,0,0,0,0,2,0,0,0,0,0,0,0,0,0,2,0,0,0,0,0,0,0,2,0,2,0,33,2,0,0,0,0,0,0,0,0,0,0,0,0,0,0,0,0,0,0,0,0,0,0,0,0,0,0,0,0,0,0,0,0,0,0,0,0,0,0,0,0,0,,"
"EVO_FW2P17_BRD5_15PCS_RESEAT17,6/24/2019 4:37:24 PM,6/24/2019 4:49:52 PM,01180101120005,02170104120083,D,5,83,0,0,0,0,0,0,0,0,2,0,0,0,0,0,0,0,0,0,2,0,0,0,0,0,0,0,0,0,2,0,0,0,0,0,0,0,2,0,2,0,32,3,0,0,0,0,0,0,0,0,0,0,0,0,0,0,0,0,0,0,0,0,0,0,0,0,0,0,0,0,0,0,0,0,0,0,0,0,0,0,0,0,0,,"
"EVO_FW2P17_BRD5_15PCS_RESEAT17,6/24/2019 4:37:24 PM,6/24/2019 4:53:46 PM,01180101120005,02170104120083,D,5,83,0,0,0,0,0,0,0,0,2,0,0,0,0,0,0,0,0,0,2,0,0,0,0,0,0,0,0,0,2,0,0,0,0,0,0,0,2,0,2,0,35,1,0,0,0,0,0,0,0,0,0,0,0,0,0,0,0,0,0,0,0,0,0,0,0,0,0,0,0,0,0,0,0,0,0,0,0,0,0,0,0,0,0,,"
"EVO_FW2P17_BRD5_15PCS_RESEAT17,6/24/2019 4:37:24 PM,6/24/2019 4:58:53 PM,01180101120005,02170104120083,D,5,83,0,0,0,0,0,0,0,0,2,0,0,0,0,0,0,0,0,0,2,0,0,0,0,0,0,0,0,0,2,0,0,0,0,0,0,0,2,0,2,0,33,2,0,0,0,0,0,0,0,0,0,0,0,0,0,0,0,0,0,0,0,0,0,0,0,0,0,0,0,0,0,0,0,0,0,0,0,0,0,0,0,0,0,,"
"EVO_FW2P17_BRD5_15PCS_RESEAT17,6/24/2019 4:37:24 PM,6/24/2019 5:02:46 PM,01180101120005,02170104120083,D,5,83,0,0,0,0,0,0,0,0,2,0,0,0,0,0,0,0,0,0,2,0,0,0,0,0,0,0,0,0,2,0,0,0,0,0,0,0,2,0,2,0,33,3,0,0,0,0,0,0,0,0,0,0,0,0,0,0,0,0,0,0,0,0,0,0,0,0,0,0,0,0,0,0,0,0,0,0,0,0,0,0,0,0,0,,"
"EVO_FW2P17_BRD5_15PCS_RESEAT17,6/24/2019 4:37:24 PM,6/24/2019 5:06:40 PM,01180101120005,02170104120083,D,5,83,0,0,0,0,0,0,0,0,2,0,0,0,0,0,0,0,0,0,2,0,0,0,0,0,0,0,0,0,2,0,0,0,0,0,0,0,2,0,2,0,48,1,0,0,0,0,0,0,0,0,0,0,0,0,0,0,0,0,0,0,0,0,0,0,0,0,0,0,0,0,0,0,0,0,0,0,0,0,0,0,0,0,0,,"
"EVO_FW2P17_BRD5_15PCS_RESEAT17,6/24/2019 4:37:24 PM,6/24/2019 5:10:33 PM,01180101120005,02170104120083,D,5,83,0,0,0,0,0,0,0,0,2,0,0,0,0,0,0,0,0,0,2,0,0,0,0,0,0,0,0,0,2,0,0,0,0,0,0,0,2,0,2,0,71,2,0,0,0,0,0,0,0,0,0,0,0,0,0,0,0,0,0,0,0,0,0,0,0,0,0,0,0,0,0,0,0,0,0,0,0,0,0,0,0,0,0,,"
"EVO_FW2P17_BRD5_15PCS_RESEAT17,6/24/2019 4:37:24 PM,6/24/2019 5:14:27 PM,01180101120005,02170104120083,D,5,83,0,0,0,0,0,0,0,0,2,0,0,0,0,0,0,0,0,0,2,0,0,0,0,0,0,0,0,0,2,0,0,0,0,0,0,0,2,0,2,0,83,3,0,0,0,0,0,0,0,0,0,0,0,0,0,0,0,0,0,0,0,0,0,0,0,0,0,0,0,0,0,0,0,0,0,0,0,0,0,0,0,0,0,,"
"EVO_FW2P17_BRD5_15PCS_RESEAT17,6/24/2019 4:37:24 PM,6/24/2019 5:18:20 PM,01180101120005,02170104120083,D,5,83,0,0,0,0,0,0,0,0,2,0,0,0,0,0,0,0,0,0,2,0,0,0,0,0,0,0,0,0,2,0,0,0,0,0,0,0,2,0,2,0,98,1,0,0,0,0,0,0,0,0,0,0,0,0,0,0,0,0,0,0,0,0,0,0,0,0,0,0,0,0,0,0,0,0,0,0,0,0,0,0,0,0,0,,"
"EVO_FW2P17_BRD5_15PCS_RESEAT17,6/24/2019 4:37:24 PM,6/24/2019 5:22:14 PM,01180101120005,02170104120083,D,5,83,0,0,0,0,0,0,0,0,2,0,0,0,0,0,0,0,0,0,2,0,0,0,0,0,0,0,0,0,2,0,0,0,0,0,1,189,2,0,2,0,108,2,0,0,0,0,0,0,0,0,0,0,0,0,0,0,0,0,0,0,0,0,0,0,0,0,0,0,0,0,0,0,0,0,0,0,0,0,0,0,0,0,0,,"
"EVO_FW2P17_BRD5_15PCS_RESEAT17,6/24/2019 4:37:24 PM,6/24/2019 5:27:21 PM,01180101120005,02170104120083,D,5,83,0,0,0,0,0,0,0,0,2,0,0,0,0,0,0,0,0,0,2,0,0,0,0,0,0,0,0,0,2,0,0,0,0,0,1,253,2,0,2,0,110,3,0,0,0,0,0,0,0,0,0,0,0,0,0,0,0,0,0,0,0,0,0,0,0,0,0,0,0,0,0,0,0,0,0,0,0,0,0,0,0,0,0,,"
"EVO_FW2P17_BRD5_15PCS_RESEAT17,6/24/2019 4:37:24 PM,6/24/2019 5:31:14 PM,01180101120005,02170104120083,D,5,83,0,0,0,0,0,0,0,0,2,0,0,0,0,0,0,0,0,0,2,0,0,0,0,0,0,0,0,0,2,0,0,0,0,0,0,0,2,0,2,0,110,1,0,0,0,0,0,0,0,0,0,0,0,0,0,0,0,0,0,0,0,0,0,0,0,0,0,0,0,0,0,0,0,0,0,0,0,0,0,0,0,0,0,,"
"EVO_FW2P17_BRD5_15PCS_RESEAT17,6/24/2019 4:37:24 PM,6/24/2019 5:35:08 PM,01180101120005,02170104120083,D,5,83,0,0,0,0,0,0,0,0,2,0,0,0,0,0,0,0,0,0,2,0,0,0,0,0,0,0,0,0,2,0,0,0,0,0,1,189,2,0,2,0,111,2,0,0,0,0,0,0,0,0,0,0,0,0,0,0,0,0,0,0,0,0,0,0,0,0,0,0,0,0,0,0,0,0,0,0,0,0,0,0,0,0,0,,"
"EVO_FW2P17_BRD5_15PCS_RESEAT17,6/24/2019 4:37:24 PM,6/24/2019 5:39:01 PM,01180101120005,02170104120083,D,5,83,0,0,0,0,0,0,0,0,2,0,0,0,0,0,0,0,0,0,2,0,0,0,0,0,0,0,0,0,2,0,0,0,0,0,1,253,2,0,2,0,111,3,0,0,0,0,0,0,0,0,0,0,0,0,0,0,0,0,0,0,0,0,0,0,0,0,0,0,0,0,0,0,0,0,0,0,0,0,0,0,0,0,0,,"
"EVO_FW2P17_BRD5_15PCS_RESEAT17,6/24/2019 4:37:24 PM,6/24/2019 5:42:55 PM,01180101120005,02170104120083,D,5,83,0,0,0,0,0,0,0,0,2,0,0,0,0,0,0,0,0,0,2,0,0,0,0,0,0,0,0,0,2,0,0,0,0,0,0,0,2,0,2,0,111,1,0,0,0,0,0,0,0,0,0,0,0,0,0,0,0,0,0,0,0,0,0,0,0,0,0,0,0,0,0,0,0,0,0,0,0,0,0,0,0,0,0,,"
"EVO_FW2P17_BRD5_15PCS_RESEAT17,6/24/2019 4:37:24 PM,6/24/2019 5:46:48 PM,01180101120005,02170104120083,D,5,83,0,0,0,0,0,0,0,0,2,0,0,0,0,0,0,0,0,0,2,0,0,0,0,0,0,0,0,0,2,0,0,0,0,0,0,0,2,0,2,0,114,2,0,0,0,0,0,0,0,0,0,0,0,0,0,0,0,0,0,0,0,0,0,0,0,0,0,0,0,0,0,0,0,0,0,0,0,0,0,0,0,0,0,,"
"EVO_FW2P17_BRD5_15PCS_RESEAT17,6/24/2019 4:37:24 PM,6/24/2019 5:50:42 PM,01180101120005,02170104120083,D,5,83,0,0,0,0,0,0,0,0,2,0,0,0,0,0,0,0,0,0,2,0,0,0,0,0,0,0,0,0,2,0,0,0,0,0,0,0,2,0,2,0,112,3,0,0,0,0,0,0,0,0,0,0,0,0,0,0,0,0,0,0,0,0,0,0,0,0,0,0,0,0,0,0,0,0,0,0,0,0,0,0,0,0,0,,"
"EVO_FW2P17_BRD5_15PCS_RESEAT17,6/24/2019 4:37:24 PM,6/24/2019 5:55:49 PM,01180101120005,02170104120083,D,5,83,0,0,0,0,0,0,0,0,2,0,0,0,0,0,0,0,0,0,2,0,0,0,0,0,0,0,0,0,2,0,0,0,0,0,0,0,2,0,2,0,112,1,0,0,0,0,0,0,0,0,0,0,0,0,0,0,0,0,0,0,0,0,0,0,0,0,0,0,0,0,0,0,0,0,0,0,0,0,0,0,0,0,0,,"
"EVO_FW2P17_BRD5_15PCS_RESEAT17,6/24/2019 4:37:24 PM,6/24/2019 5:59:42 PM,01180101120005,02170104120083,D,5,83,0,0,0,0,0,0,0,0,2,0,0,0,0,0,0,0,0,0,2,0,0,0,0,0,0,0,0,0,2,0,0,0,0,0,0,0,2,0,2,0,112,2,0,0,0,0,0,0,0,0,0,0,0,0,0,0,0,0,0,0,0,0,0,0,0,0,0,0,0,0,0,0,0,0,0,0,0,0,0,0,0,0,0,,"
"EVO_FW2P17_BRD5_15PCS_RESEAT17,6/24/2019 4:37:24 PM,6/24/2019 6:03:36 PM,01180101120005,02170104120083,D,5,83,0,0,0,0,0,0,0,0,2,0,0,0,0,0,0,0,0,0,2,0,0,0,0,0,0,0,0,0,2,0,0,0,0,0,0,0,2,0,2,0,114,3,0,0,0,0,0,0,0,0,0,0,0,0,0,0,0,0,0,0,0,0,0,0,0,0,0,0,0,0,0,0,0,0,0,0,0,0,0,0,0,0,0,,"
"EVO_FW2P17_BRD5_15PCS_RESEAT17,6/24/2019 4:37:24 PM,6/24/2019 6:07:29 PM,01180101120005,02170104120083,D,5,83,0,0,0,0,0,0,0,0,2,0,0,0,0,0,0,0,0,0,2,0,0,0,0,0,0,0,0,0,2,0,0,0,0,0,0,0,2,0,2,0,112,1,0,0,0,0,0,0,0,0,0,0,0,0,0,0,0,0,0,0,0,0,0,0,0,0,0,0,0,0,0,0,0,0,0,0,0,0,0,0,0,0,0,,"
"EVO_FW2P17_BRD5_15PCS_RESEAT17,6/24/2019 4:37:24 PM,6/24/2019 6:11:23 PM,01180101120005,02170104120083,D,5,83,0,0,0,0,0,0,0,0,2,0,0,0,0,0,0,0,0,0,2,0,0,0,0,0,0,0,0,0,2,0,0,0,0,0,0,0,2,0,2,0,114,2,0,0,0,0,0,0,0,0,0,0,0,0,0,0,0,0,0,0,0,0,0,0,0,0,0,0,0,0,0,0,0,0,0,0,0,0,0,0,0,0,0,,"
"EVO_FW2P17_BRD5_15PCS_RESEAT17,6/24/2019 4:37:24 PM,6/24/2019 6:15:16 PM,01180101120005,02170104120083,D,5,83,0,0,0,0,0,0,0,0,2,0,0,0,0,0,0,0,0,0,2,0,0,0,0,0,0,0,0,0,2,0,0,0,1,189,0,0,2,0,2,0,112,3,0,0,0,0,0,0,0,0,0,0,0,0,0,0,0,0,0,0,0,0,0,0,0,0,0,0,0,0,0,0,0,0,0,0,0,0,0,0,0,0,0,,"
"EVO_FW2P17_BRD5_15PCS_RESEAT17,6/24/2019 4:37:24 PM,6/24/2019 6:20:23 PM,01180101120005,02170104120083,D,5,83,0,0,0,0,0,0,0,0,2,0,0,0,0,0,0,0,0,0,2,0,0,0,0,0,0,0,0,0,2,0,0,0,2,0,0,0,2,0,2,0,112,1,0,0,0,0,0,0,0,0,0,0,0,0,0,0,0,0,0,0,0,0,0,0,0,0,0,0,0,0,0,0,0,0,0,0,0,0,0,0,0,0,0,,"
"EVO_FW2P17_BRD5_15PCS_RESEAT17,6/24/2019 4:37:24 PM,6/24/2019 6:24:17 PM,01180101120005,02170104120083,D,5,83,0,0,0,0,0,0,0,0,2,0,0,0,0,0,0,0,0,0,2,0,0,0,0,0,0,0,0,0,2,0,0,0,2,0,0,0,2,0,2,0,112,2,0,0,0,0,0,0,0,0,0,0,0,0,0,0,0,0,0,0,0,0,0,0,0,0,0,0,0,0,0,0,0,0,0,0,0,0,0,0,0,0,0,,"
"EVO_FW2P17_BRD5_15PCS_RESEAT17,6/24/2019 4:37:24 PM,6/24/2019 6:28:10 PM,01180101120005,02170104120083,D,5,83,0,0,0,0,0,0,0,0,2,0,0,0,0,0,0,0,0,0,2,0,0,0,0,0,0,0,0,0,2,0,0,0,2,0,0,0,2,0,2,0,112,3,0,0,0,0,0,0,0,0,0,0,0,0,0,0,0,0,0,0,0,0,0,0,0,0,0,0,0,0,0,0,0,0,0,0,0,0,0,0,0,0,0,,"
"EVO_FW2P17_BRD5_15PCS_RESEAT17,6/24/2019 4:37:24 PM,6/24/2019 6:32:04 PM,01180101120005,02170104120083,D,5,83,0,0,0,0,0,0,0,0,2,0,0,0,0,0,0,0,0,0,2,0,0,0,0,0,0,0,0,0,2,0,0,0,0,0,0,0,2,0,2,0,114,1,0,0,0,0,0,0,0,0,0,0,0,0,0,0,0,0,0,0,0,0,0,0,0,0,0,0,0,0,0,0,0,0,0,0,0,0,0,0,0,0,0,,"
"EVO_FW2P17_BRD5_15PCS_RESEAT17,6/24/2019 4:37:24 PM,6/24/2019 6:35:57 PM,01180101120005,02170104120083,D,5,83,0,0,0,0,0,0,0,0,2,0,0,0,0,0,0,0,0,0,2,0,0,0,0,0,0,0,0,0,2,0,0,0,1,189,0,0,2,0,2,0,112,2,0,0,0,0,0,0,0,0,0,0,0,0,0,0,0,0,0,0,0,0,0,0,0,0,0,0,0,0,0,0,0,0,0,0,0,0,0,0,0,0,0,,"
"EVO_FW2P17_BRD5_15PCS_RESEAT17,6/24/2019 4:37:24 PM,6/24/2019 6:39:51 PM,01180101120005,02170104120083,D,5,83,0,0,0,0,0,0,0,0,2,0,0,0,0,0,0,0,0,0,2,0,0,0,0,0,0,0,0,0,2,0,0,0,1,253,0,0,2,0,2,0,112,3,0,0,0,0,0,0,0,0,0,0,0,0,0,0,0,0,0,0,0,0,0,0,0,0,0,0,0,0,0,0,0,0,0,0,0,0,0,0,0,0,0,,"
"EVO_FW2P17_BRD5_15PCS_RESEAT17,6/24/2019 4:37:24 PM,6/24/2019 6:43:44 PM,01180101120005,02170104120083,D,5,83,0,0,0,0,0,0,0,0,2,0,0,0,0,0,0,0,0,0,2,0,0,0,0,0,0,0,0,0,2,0,0,0,0,255,0,0,2,0,2,0,112,1,0,0,0,0,0,0,0,0,0,0,0,0,0,0,0,0,0,0,0,0,0,0,0,0,0,0,0,0,0,0,0,0,0,0,0,0,0,0,0,0,0,,"
"EVO_FW2P17_BRD5_15PCS_RESEAT17,6/24/2019 4:37:24 PM,6/24/2019 6:48:51 PM,01180101120005,02170104120083,D,5,83,0,0,0,0,0,0,0,0,2,0,0,0,0,0,0,0,0,0,2,0,0,0,0,0,0,0,0,0,2,0,0,0,0,0,0,0,2,0,2,0,114,2,0,0,0,0,0,0,0,0,0,0,0,0,0,0,0,0,0,0,0,0,0,0,0,0,0,0,0,0,0,0,0,0,0,0,0,0,0,0,0,0,0,,"
"EVO_FW2P17_BRD5_15PCS_RESEAT17,6/24/2019 4:37:24 PM,6/24/2019 6:52:45 PM,01180101120005,02170104120083,D,5,83,0,0,0,0,0,0,0,0,2,0,0,0,0,0,0,0,0,0,2,0,0,0,0,0,0,0,0,0,2,0,0,0,0,0,0,0,2,0,2,0,112,3,0,0,0,0,0,0,0,0,0,0,0,0,0,0,0,0,0,0,0,0,0,0,0,0,0,0,0,0,0,0,0,0,0,0,0,0,0,0,0,0,0,,"
"EVO_FW2P17_BRD5_15PCS_RESEAT17,6/24/2019 4:37:24 PM,6/24/2019 6:56:38 PM,01180101120005,02170104120083,D,5,83,0,0,0,0,0,0,0,0,2,0,0,0,0,0,0,0,0,0,2,0,0,0,0,0,0,0,0,0,2,0,0,0,0,0,0,0,2,0,2,0,112,1,0,0,0,0,0,0,0,0,0,0,0,0,0,0,0,0,0,0,0,0,0,0,0,0,0,0,0,0,0,0,0,0,0,0,0,0,0,0,0,0,0,,"
"EVO_FW2P17_BRD5_15PCS_RESEAT17,6/24/2019 4:37:24 PM,6/24/2019 7:00:32 PM,01180101120005,02170104120083,D,5,83,0,0,0,0,0,0,0,0,2,0,0,0,0,0,0,0,0,0,2,0,0,0,0,0,0,0,0,0,2,0,0,0,0,0,0,0,2,0,2,0,112,2,0,0,0,0,0,0,0,0,0,0,0,0,0,0,0,0,0,0,0,0,0,0,0,0,0,0,0,0,0,0,0,0,0,0,0,0,0,0,0,0,0,,"
"EVO_FW2P17_BRD5_15PCS_RESEAT17,6/24/2019 4:37:24 PM,6/24/2019 7:04:25 PM,01180101120005,02170104120083,D,5,83,0,0,0,0,0,0,0,0,2,0,0,0,0,0,0,0,0,0,2,0,0,0,0,0,0,0,0,0,2,0,0,0,0,0,0,0,2,0,2,0,112,3,0,0,0,0,0,0,0,0,0,0,0,0,0,0,0,0,0,0,0,0,0,0,0,0,0,0,0,0,0,0,0,0,0,0,0,0,0,0,0,0,0,,"
"EVO_FW2P17_BRD5_15PCS_RESEAT17,6/24/2019 4:37:24 PM,6/24/2019 7:08:19 PM,01180101120005,02170104120083,D,5,83,0,0,0,0,0,0,0,0,2,0,0,0,0,0,0,0,0,0,2,0,0,0,0,0,0,0,0,0,2,0,0,0,0,0,0,0,2,0,2,0,112,1,0,0,0,0,0,0,0,0,0,0,0,0,0,0,0,0,0,0,0,0,0,0,0,0,0,0,0,0,0,0,0,0,0,0,0,0,0,0,0,0,0,,"
"EVO_FW2P17_BRD5_15PCS_RESEAT17,6/24/2019 4:37:24 PM,6/24/2019 7:12:12 PM,01180101120005,02170104120083,D,5,83,0,0,0,0,0,0,0,0,2,0,0,0,0,0,0,0,0,0,2,0,0,0,0,0,0,0,0,0,2,0,0,0,0,0,0,0,2,0,2,0,112,2,0,0,0,0,0,0,0,0,0,0,0,0,0,0,0,0,0,0,0,0,0,0,0,0,0,0,0,0,0,0,0,0,0,0,0,0,0,0,0,0,0,,"
"EVO_FW2P17_BRD5_15PCS_RESEAT17,6/24/2019 4:37:24 PM,6/24/2019 7:17:19 PM,01180101120005,02170104120083,D,5,83,0,0,0,0,0,0,0,0,2,0,0,0,0,0,0,0,0,0,2,0,0,0,0,0,0,0,0,0,2,0,0,0,0,0,0,0,2,0,2,0,114,3,0,0,0,0,0,0,0,0,0,0,0,0,0,0,0,0,0,0,0,0,0,0,0,0,0,0,0,0,0,0,0,0,0,0,0,0,0,0,0,0,0,,"
"EVO_FW2P17_BRD5_15PCS_RESEAT17,6/24/2019 4:37:24 PM,6/24/2019 7:21:13 PM,01180101120005,02170104120083,D,5,83,0,0,0,0,0,0,0,0,2,0,0,0,0,0,0,0,0,0,2,0,0,0,0,0,0,0,0,0,2,0,0,0,0,0,0,0,2,0,2,0,112,1,0,0,0,0,0,0,0,0,0,0,0,0,0,0,0,0,0,0,0,0,0,0,0,0,0,0,0,0,0,0,0,0,0,0,0,0,0,0,0,0,0,,"
"EVO_FW2P17_BRD5_15PCS_RESEAT17,6/24/2019 4:37:24 PM,6/24/2019 7:25:06 PM,01180101120005,02170104120083,D,5,83,0,0,0,0,0,0,0,0,2,0,0,0,0,0,0,0,0,0,2,0,0,0,0,0,0,0,0,0,2,0,0,0,0,0,0,0,2,0,2,0,112,2,0,0,0,0,0,0,0,0,0,0,0,0,0,0,0,0,0,0,0,0,0,0,0,0,0,0,0,0,0,0,0,0,0,0,0,0,0,0,0,0,0,,"
"EVO_FW2P17_BRD5_15PCS_RESEAT17,6/24/2019 4:37:24 PM,6/24/2019 7:29:00 PM,01180101120005,02170104120083,D,5,83,0,0,0,0,0,0,0,0,2,0,0,0,0,0,0,0,0,0,2,0,0,0,0,0,0,0,0,0,2,0,0,0,0,0,0,0,2,0,2,0,112,3,0,0,0,0,0,0,0,0,0,0,0,0,0,0,0,0,0,0,0,0,0,0,0,0,0,0,0,0,0,0,0,0,0,0,0,0,0,0,0,0,0,,"
"EVO_FW2P17_BRD5_15PCS_RESEAT17,6/24/2019 4:37:24 PM,6/24/2019 7:32:53 PM,01180101120005,02170104120083,D,5,83,0,0,0,0,0,0,2,0,2,0,0,0,0,0,0,0,0,0,2,0,0,0,0,0,0,0,0,0,2,0,0,0,0,0,0,0,2,0,2,0,112,1,0,0,0,0,0,0,0,0,0,0,0,0,0,0,0,0,0,0,0,0,0,0,0,0,0,0,0,0,0,0,0,0,0,0,0,0,0,0,0,0,0,,"
"EVO_FW2P17_BRD5_15PCS_RESEAT17,6/24/2019 4:37:24 PM,6/24/2019 7:36:47 PM,01180101120005,02170104120083,D,5,83,0,0,0,0,0,0,2,0,2,0,0,0,0,0,0,0,0,0,2,0,0,0,0,0,0,0,0,0,2,0,0,0,0,0,0,0,2,0,2,0,112,2,0,0,0,0,0,0,0,0,0,0,0,0,0,0,0,0,0,0,0,0,0,0,0,0,0,0,0,0,0,0,0,0,0,0,0,0,0,0,0,0,0,,"
"EVO_FW2P17_BRD5_15PCS_RESEAT17,6/24/2019 4:37:24 PM,6/24/2019 7:40:40 PM,01180101120005,02170104120083,D,5,83,0,0,0,0,0,0,2,0,2,0,0,0,0,0,0,0,0,0,2,0,0,0,0,0,0,0,0,0,2,0,0,0,0,0,0,0,2,0,2,0,112,3,0,0,0,0,0,0,0,0,0,0,0,0,0,0,0,0,0,0,0,0,0,0,0,0,0,0,0,0,0,0,0,0,0,0,0,0,0,0,0,0,0,,"
"EVO_FW2P17_BRD5_15PCS_RESEAT17,6/24/2019 4:37:24 PM,6/24/2019 7:45:47 PM,01180101120005,02170104120083,D,5,83,0,0,0,0,0,0,0,0,2,0,0,0,0,0,0,0,0,0,2,0,0,0,0,0,0,0,0,0,2,0,0,0,0,0,0,0,2,0,2,0,114,1,0,0,0,0,0,0,0,0,0,0,0,0,0,0,0,0,0,0,0,0,0,0,0,0,0,0,0,0,0,0,0,0,0,0,0,0,0,0,0,0,0,,"
"EVO_FW2P17_BRD5_15PCS_RESEAT17,6/24/2019 4:37:24 PM,6/24/2019 7:49:41 PM,01180101120005,02170104120083,D,5,83,0,0,0,0,0,0,0,0,2,0,0,0,0,0,0,0,0,0,2,0,0,0,0,0,0,0,0,0,2,0,0,0,0,0,0,0,2,0,2,0,112,2,0,0,0,0,0,0,0,0,0,0,0,0,0,0,0,0,0,0,0,0,0,0,0,0,0,0,0,0,0,0,0,0,0,0,0,0,0,0,0,0,0,,"
"EVO_FW2P17_BRD5_15PCS_RESEAT17,6/24/2019 4:37:24 PM,6/24/2019 7:53:34 PM,01180101120005,02170104120083,D,5,83,0,0,0,0,0,0,0,0,2,0,0,0,0,0,0,0,0,0,2,0,0,0,0,0,0,0,0,0,2,0,0,0,0,0,0,0,2,0,2,0,112,3,0,0,0,0,0,0,0,0,0,0,0,0,0,0,0,0,0,0,0,0,0,0,0,0,0,0,0,0,0,0,0,0,0,0,0,0,0,0,0,0,0,,"
"EVO_FW2P17_BRD5_15PCS_RESEAT17,6/24/2019 4:37:24 PM,6/24/2019 7:57:28 PM,01180101120005,02170104120083,D,5,83,0,0,0,0,0,0,0,0,2,0,0,0,0,0,0,0,0,0,2,0,0,0,0,0,0,0,0,0,2,0,0,0,0,0,0,0,2,0,2,0,114,1,0,0,0,0,0,0,0,0,0,0,0,0,0,0,0,0,0,0,0,0,0,0,0,0,0,0,0,0,0,0,0,0,0,0,0,0,0,0,0,0,0,,"
"EVO_FW2P17_BRD5_15PCS_RESEAT17,6/24/2019 4:37:24 PM,6/24/2019 8:01:21 PM,01180101120005,02170104120083,D,5,83,0,0,0,0,0,0,0,0,2,0,0,0,0,0,0,0,0,0,2,0,0,0,0,0,0,0,0,0,2,0,0,0,0,0,0,0,2,0,2,0,112,2,0,0,0,0,0,0,0,0,0,0,0,0,0,0,0,0,0,0,0,0,0,0,0,0,0,0,0,0,0,0,0,0,0,0,0,0,0,0,0,0,0,,"
"EVO_FW2P17_BRD5_15PCS_RESEAT17,6/24/2019 4:37:24 PM,6/24/2019 8:05:15 PM,01180101120005,02170104120083,D,5,83,0,0,0,0,0,0,0,0,2,0,0,0,0,0,0,0,0,0,2,0,0,0,0,0,0,0,0,0,2,0,0,0,0,0,0,0,2,0,2,0,112,3,0,0,0,0,0,0,0,0,0,0,0,0,0,0,0,0,0,0,0,0,0,0,0,0,0,0,0,0,0,0,0,0,0,0,0,0,0,0,0,0,0,,"
"EVO_FW2P17_BRD5_15PCS_RESEAT17,6/24/2019 4:37:24 PM,6/24/2019 8:10:22 PM,01180101120005,02170104120083,D,5,83,2,0,0,0,0,0,0,0,2,0,0,0,0,0,0,0,0,0,2,0,0,0,0,0,0,0,0,0,2,0,0,0,0,0,0,0,2,0,2,0,114,1,0,0,0,0,0,0,0,0,0,0,0,0,0,0,0,0,0,0,0,0,0,0,0,0,0,0,0,0,0,0,0,0,0,0,0,0,0,0,0,0,0,,"
"EVO_FW2P17_BRD5_15PCS_RESEAT17,6/24/2019 4:37:24 PM,6/24/2019 8:14:15 PM,01180101120005,02170104120083,D,5,83,2,0,0,0,0,0,0,0,2,0,0,0,0,0,0,0,0,0,2,0,0,0,0,0,0,0,0,0,2,0,0,0,0,0,0,0,2,0,2,0,114,2,0,0,0,0,0,0,0,0,0,0,0,0,0,0,0,0,0,0,0,0,0,0,0,0,0,0,0,0,0,0,0,0,0,0,0,0,0,0,0,0,0,,"
"EVO_FW2P17_BRD5_15PCS_RESEAT17,6/24/2019 4:37:24 PM,6/24/2019 8:18:09 PM,01180101120005,02170104120083,D,5,83,2,0,0,0,0,0,0,0,2,0,0,0,0,0,0,0,0,0,2,0,0,0,0,0,0,0,0,0,2,0,0,0,0,0,0,0,2,0,2,0,112,3,0,0,0,0,0,0,0,0,0,0,0,0,0,0,0,0,0,0,0,0,0,0,0,0,0,0,0,0,0,0,0,0,0,0,0,0,0,0,0,0,0,,"
"EVO_FW2P17_BRD5_15PCS_RESEAT17,6/24/2019 4:37:24 PM,6/24/2019 8:22:02 PM,01180101120005,02170104120083,D,5,83,0,0,0,0,0,0,0,0,2,0,0,0,0,0,0,0,0,0,2,0,0,0,0,0,0,0,0,0,2,0,0,0,0,0,0,0,2,0,2,0,111,1,0,0,0,0,0,0,0,0,0,0,0,0,0,0,0,0,0,0,0,0,0,0,0,0,0,0,0,0,0,0,0,0,0,0,0,0,0,0,0,0,0,,"
"EVO_FW2P17_BRD5_15PCS_RESEAT17,6/24/2019 4:37:24 PM,6/24/2019 8:25:56 PM,01180101120005,02170104120083,D,5,83,0,0,0,0,0,0,0,0,2,0,0,0,0,0,0,0,0,0,2,0,0,0,0,0,0,0,0,0,2,0,0,0,0,0,0,0,2,0,2,0,112,2,0,0,0,0,0,0,0,0,0,0,0,0,0,0,0,0,0,0,0,0,0,0,0,0,0,0,0,0,0,0,0,0,0,0,0,0,0,0,0,0,0,,"
"EVO_FW2P17_BRD5_15PCS_RESEAT17,6/24/2019 4:37:24 PM,6/24/2019 8:29:49 PM,01180101120005,02170104120083,D,5,83,0,0,0,0,0,0,0,0,2,0,0,0,0,0,0,0,0,0,2,0,0,0,0,0,0,0,0,0,2,0,0,0,0,0,0,0,2,0,2,0,112,3,0,0,0,0,0,0,0,0,0,0,0,0,0,0,0,0,0,0,0,0,0,0,0,0,0,0,0,0,0,0,0,0,0,0,0,0,0,0,0,0,0,,"
"EVO_FW2P17_BRD5_15PCS_RESEAT17,6/24/2019 4:37:24 PM,6/24/2019 8:34:56 PM,01180101120005,02170104120083,D,5,83,0,0,0,0,0,0,0,0,2,0,0,0,0,0,0,0,0,0,2,0,0,0,0,0,0,0,0,0,2,0,0,0,0,0,0,0,2,0,2,0,112,1,0,0,0,0,0,0,0,0,0,0,0,0,0,0,0,0,0,0,0,0,0,0,0,0,0,0,0,0,0,0,0,0,0,0,0,0,0,0,0,0,0,,"
"EVO_FW2P17_BRD5_15PCS_RESEAT17,6/24/2019 4:37:24 PM,6/24/2019 8:38:50 PM,01180101120005,02170104120083,D,5,83,0,0,0,0,0,0,0,0,2,0,0,0,0,0,0,0,0,0,2,0,0,0,0,0,0,0,0,0,2,0,0,0,0,0,0,0,2,0,2,0,112,2,0,0,0,0,0,0,0,0,0,0,0,0,0,0,0,0,0,0,0,0,0,0,0,0,0,0,0,0,0,0,0,0,0,0,0,0,0,0,0,0,0,,"
"EVO_FW2P17_BRD5_15PCS_RESEAT17,6/24/2019 4:37:24 PM,6/24/2019 8:42:43 PM,01180101120005,02170104120083,D,5,83,0,0,0,0,0,0,0,0,2,0,0,0,0,0,0,0,0,0,2,0,0,0,0,0,0,0,0,0,2,0,0,0,0,0,0,0,2,0,2,0,112,3,0,0,0,0,0,0,0,0,0,0,0,0,0,0,0,0,0,0,0,0,0,0,0,0,0,0,0,0,0,0,0,0,0,0,0,0,0,0,0,0,0,,"
"EVO_FW2P17_BRD5_15PCS_RESEAT17,6/24/2019 4:37:24 PM,6/24/2019 8:46:37 PM,01180101120005,02170104120083,D,5,83,0,0,2,0,0,0,0,0,2,0,0,0,0,0,0,0,0,0,2,0,0,0,0,0,0,0,0,0,2,0,0,0,0,0,0,0,2,0,2,0,112,1,0,0,0,0,0,0,0,0,0,0,0,0,0,0,0,0,0,0,0,0,0,0,0,0,0,0,0,0,0,0,0,0,0,0,0,0,0,0,0,0,0,,"
"EVO_FW2P17_BRD5_15PCS_RESEAT17,6/24/2019 4:37:24 PM,6/24/2019 8:50:30 PM,01180101120005,02170104120083,D,5,83,0,0,2,0,0,0,0,0,2,0,0,0,0,0,0,0,0,0,2,0,0,0,0,0,0,0,0,0,2,0,0,0,0,0,0,0,2,0,2,0,114,2,0,0,0,0,0,0,0,0,0,0,0,0,0,0,0,0,0,0,0,0,0,0,0,0,0,0,0,0,0,0,0,0,0,0,0,0,0,0,0,0,0,,"
"EVO_FW2P17_BRD5_15PCS_RESEAT17,6/24/2019 4:37:24 PM,6/24/2019 8:54:24 PM,01180101120005,02170104120083,D,5,83,0,0,2,0,0,0,0,0,2,0,0,0,0,0,0,0,0,0,2,0,0,0,0,0,0,0,0,0,2,0,0,0,0,0,0,0,2,0,2,0,114,3,0,0,0,0,0,0,0,0,0,0,0,0,0,0,0,0,0,0,0,0,0,0,0,0,0,0,0,0,0,0,0,0,0,0,0,0,0,0,0,0,0,,"
"EVO_FW2P17_BRD5_15PCS_RESEAT17,6/24/2019 4:37:24 PM,6/24/2019 8:58:17 PM,01180101120005,02170104120083,D,5,83,0,0,0,0,0,0,0,0,2,0,0,0,0,0,0,0,0,0,2,0,0,0,0,0,0,0,0,0,2,0,0,0,0,0,0,0,2,0,2,0,112,1,0,0,0,0,0,0,0,0,0,0,0,0,0,0,0,0,0,0,0,0,0,0,0,0,0,0,0,0,0,0,0,0,0,0,0,0,0,0,0,0,0,,"
"EVO_FW2P17_BRD5_15PCS_RESEAT17,6/24/2019 4:37:24 PM,6/24/2019 9:03:24 PM,01180101120005,02170104120083,D,5,83,0,0,0,0,0,0,0,0,2,0,0,0,0,0,0,0,0,0,2,0,0,0,0,0,0,0,0,0,2,0,0,0,0,0,0,0,2,0,2,0,112,2,0,0,0,0,0,0,0,0,0,0,0,0,0,0,0,0,0,0,0,0,0,0,0,0,0,0,0,0,0,0,0,0,0,0,0,0,0,0,0,0,0,,"
"EVO_FW2P17_BRD5_15PCS_RESEAT17,6/24/2019 4:37:24 PM,6/24/2019 9:07:18 PM,01180101120005,02170104120083,D,5,83,0,0,0,0,0,0,0,0,2,0,0,0,0,0,0,0,0,0,2,0,0,0,0,0,0,0,0,0,2,0,0,0,0,0,0,0,2,0,2,0,112,3,0,0,0,0,0,0,0,0,0,0,0,0,0,0,0,0,0,0,0,0,0,0,0,0,0,0,0,0,0,0,0,0,0,0,0,0,0,0,0,0,0,,"
"EVO_FW2P17_BRD5_15PCS_RESEAT17,6/24/2019 4:37:24 PM,6/24/2019 9:11:11 PM,01180101120005,02170104120083,D,5,83,0,0,0,0,0,0,0,0,2,0,0,0,0,0,0,0,0,0,2,0,0,0,0,0,0,0,0,0,2,0,0,0,0,0,0,0,2,0,2,0,114,1,0,0,0,0,0,0,0,0,0,0,0,0,0,0,0,0,0,0,0,0,0,0,0,0,0,0,0,0,0,0,0,0,0,0,0,0,0,0,0,0,0,,"
"EVO_FW2P17_BRD5_15PCS_RESEAT17,6/24/2019 4:37:24 PM,6/24/2019 9:15:05 PM,01180101120005,02170104120083,D,5,83,0,0,0,0,0,0,0,0,2,0,0,0,0,0,0,0,0,0,2,0,0,0,0,0,0,0,0,0,2,0,0,0,0,0,0,0,2,0,2,0,112,2,0,0,0,0,0,0,0,0,0,0,0,0,0,0,0,0,0,0,0,0,0,0,0,0,0,0,0,0,0,0,0,0,0,0,0,0,0,0,0,0,0,,"
"EVO_FW2P17_BRD5_15PCS_RESEAT17,6/24/2019 4:37:24 PM,6/24/2019 9:18:58 PM,01180101120005,02170104120083,D,5,83,0,0,0,0,0,0,0,0,2,0,0,0,0,0,0,0,0,0,2,0,0,0,0,0,0,0,0,0,2,0,0,0,0,0,0,0,2,0,2,0,112,3,0,0,0,0,0,0,0,0,0,0,0,0,0,0,0,0,0,0,0,0,0,0,0,0,0,0,0,0,0,0,0,0,0,0,0,0,0,0,0,0,0,,"
"EVO_FW2P17_BRD5_15PCS_RESEAT17,6/24/2019 4:37:24 PM,6/24/2019 9:22:52 PM,01180101120005,02170104120083,D,5,83,0,0,0,0,0,0,0,0,2,0,0,0,0,0,0,0,0,0,2,0,0,0,0,0,0,0,0,0,2,0,0,0,0,0,0,0,2,0,2,0,112,1,0,0,0,0,0,0,0,0,0,0,0,0,0,0,0,0,0,0,0,0,0,0,0,0,0,0,0,0,0,0,0,0,0,0,0,0,0,0,0,0,0,,"
"EVO_FW2P17_BRD5_15PCS_RESEAT17,6/24/2019 4:37:24 PM,6/24/2019 9:26:45 PM,01180101120005,02170104120083,D,5,83,0,0,0,0,0,0,0,0,2,0,0,0,0,0,0,0,0,0,2,0,0,0,0,0,0,0,0,0,2,0,0,0,0,0,0,0,2,0,2,0,112,2,0,0,0,0,0,0,0,0,0,0,0,0,0,0,0,0,0,0,0,0,0,0,0,0,0,0,0,0,0,0,0,0,0,0,0,0,0,0,0,0,0,,"
"EVO_FW2P17_BRD5_15PCS_RESEAT17,6/24/2019 4:37:24 PM,6/24/2019 9:31:52 PM,01180101120005,02170104120083,D,5,83,0,0,0,0,0,0,0,0,2,0,0,0,0,0,0,0,0,0,2,0,0,0,0,0,0,0,0,0,2,0,0,0,0,0,0,0,2,0,2,0,112,3,0,0,0,0,0,0,0,0,0,0,0,0,0,0,0,0,0,0,0,0,0,0,0,0,0,0,0,0,0,0,0,0,0,0,0,0,0,0,0,0,0,,"
"EVO_FW2P17_BRD5_15PCS_RESEAT17,6/24/2019 4:37:24 PM,6/24/2019 9:35:46 PM,01180101120005,02170104120083,D,5,83,0,0,0,0,0,0,0,0,2,0,0,0,0,0,0,0,0,0,2,0,0,0,0,0,0,0,0,0,2,0,0,0,0,0,0,0,2,0,2,0,112,1,0,0,0,0,0,0,0,0,0,0,0,0,0,0,0,0,0,0,0,0,0,0,0,0,0,0,0,0,0,0,0,0,0,0,0,0,0,0,0,0,0,,"
"EVO_FW2P17_BRD5_15PCS_RESEAT17,6/24/2019 4:37:24 PM,6/24/2019 9:39:39 PM,01180101120005,02170104120083,D,5,83,0,0,0,0,0,0,0,0,2,0,0,0,0,0,0,0,0,0,2,0,0,0,0,0,0,0,0,0,2,0,0,0,0,0,0,0,2,0,2,0,112,2,0,0,0,0,0,0,0,0,0,0,0,0,0,0,0,0,0,0,0,0,0,0,0,0,0,0,0,0,0,0,0,0,0,0,0,0,0,0,0,0,0,,"
"EVO_FW2P17_BRD5_15PCS_RESEAT17,6/24/2019 4:37:24 PM,6/24/2019 9:43:33 PM,01180101120005,02170104120083,D,5,83,0,0,0,0,0,0,0,0,2,0,0,0,0,0,0,0,0,0,2,0,0,0,0,0,0,0,0,0,2,0,0,0,0,0,0,0,2,0,2,0,112,3,0,0,0,0,0,0,0,0,0,0,0,0,0,0,0,0,0,0,0,0,0,0,0,0,0,0,0,0,0,0,0,0,0,0,0,0,0,0,0,0,0,,"
"EVO_FW2P17_BRD5_15PCS_RESEAT17,6/24/2019 4:37:24 PM,6/24/2019 9:47:26 PM,01180101120005,02170104120083,D,5,83,0,0,0,0,0,0,0,0,2,0,0,0,0,0,0,0,0,0,2,0,0,0,0,0,0,0,0,0,2,0,0,0,0,0,0,0,2,0,2,0,112,1,0,0,0,0,0,0,0,0,0,0,0,0,0,0,0,0,0,0,0,0,0,0,0,0,0,0,0,0,0,0,0,0,0,0,0,0,0,0,0,0,0,,"
"EVO_FW2P17_BRD5_15PCS_RESEAT17,6/24/2019 4:37:24 PM,6/24/2019 9:51:20 PM,01180101120005,02170104120083,D,5,83,0,0,0,0,0,0,0,0,2,0,0,0,0,0,0,0,0,0,2,0,0,0,0,0,0,0,0,0,2,0,0,0,0,0,0,0,2,0,2,0,112,2,0,0,0,0,0,0,0,0,0,0,0,0,0,0,0,0,0,0,0,0,0,0,0,0,0,0,0,0,0,0,0,0,0,0,0,0,0,0,0,0,0,,"
"EVO_FW2P17_BRD5_15PCS_RESEAT17,6/24/2019 4:37:24 PM,6/24/2019 9:55:13 PM,01180101120005,02170104120083,D,5,83,0,0,0,0,0,0,0,0,2,0,0,0,0,0,0,0,0,0,2,0,0,0,0,0,0,0,0,0,2,0,0,0,0,0,0,0,2,0,2,0,112,3,0,0,0,0,0,0,0,0,0,0,0,0,0,0,0,0,0,0,0,0,0,0,0,0,0,0,0,0,0,0,0,0,0,0,0,0,0,0,0,0,0,,"
"EVO_FW2P17_BRD5_15PCS_RESEAT17,6/24/2019 4:37:24 PM,6/24/2019 10:00:20 PM,01180101120005,02170104120083,D,5,83,0,0,0,0,0,0,0,0,2,0,0,0,0,0,0,0,0,0,2,0,0,0,0,0,0,0,0,0,2,0,0,0,0,0,0,0,2,0,2,0,112,1,0,0,0,0,0,0,0,0,0,0,0,0,0,0,0,0,0,0,0,0,0,0,0,0,0,0,0,0,0,0,0,0,0,0,0,0,0,0,0,0,0,,"
"EVO_FW2P17_BRD5_15PCS_RESEAT17,6/24/2019 4:37:24 PM,6/24/2019 10:04:14 PM,01180101120005,02170104120083,D,5,83,0,0,0,0,0,0,0,0,2,0,0,0,0,0,0,0,0,0,2,0,0,0,0,0,0,0,0,0,2,0,0,0,0,0,0,0,2,0,2,0,112,2,0,0,0,0,0,0,0,0,0,0,0,0,0,0,0,0,0,0,0,0,0,0,0,0,0,0,0,0,0,0,0,0,0,0,0,0,0,0,0,0,0,,"
"EVO_FW2P17_BRD5_15PCS_RESEAT17,6/24/2019 4:37:24 PM,6/24/2019 10:08:07 PM,01180101120005,02170104120083,D,5,83,0,0,0,0,0,0,0,0,2,0,0,0,0,0,0,0,0,0,2,0,0,0,0,0,0,0,0,0,2,0,0,0,0,0,0,0,2,0,2,0,112,3,0,0,0,0,0,0,0,0,0,0,0,0,0,0,0,0,0,0,0,0,0,0,0,0,0,0,0,0,0,0,0,0,0,0,0,0,0,0,0,0,0,,"
"EVO_FW2P17_BRD5_15PCS_RESEAT17,6/24/2019 4:37:24 PM,6/24/2019 10:12:01 PM,01180101120005,02170104120083,D,5,83,0,0,0,0,0,0,0,0,2,0,0,0,0,0,0,0,0,0,2,0,0,0,0,0,0,0,0,0,2,0,0,0,0,0,0,0,2,0,2,0,112,1,0,0,0,0,0,0,0,0,0,0,0,0,0,0,0,0,0,0,0,0,0,0,0,0,0,0,0,0,0,0,0,0,0,0,0,0,0,0,0,0,0,,"
"EVO_FW2P17_BRD5_15PCS_RESEAT17,6/24/2019 4:37:24 PM,6/24/2019 10:15:54 PM,01180101120005,02170104120083,D,5,83,0,0,0,0,0,0,0,0,2,0,0,0,0,0,0,0,0,0,2,0,0,0,0,0,0,0,0,0,2,0,0,0,0,0,0,0,2,0,2,0,114,2,0,0,0,0,0,0,0,0,0,0,0,0,0,0,0,0,0,0,0,0,0,0,0,0,0,0,0,0,0,0,0,0,0,0,0,0,0,0,0,0,0,,"
"EVO_FW2P17_BRD5_15PCS_RESEAT17,6/24/2019 4:37:24 PM,6/24/2019 10:19:48 PM,01180101120005,02170104120083,D,5,83,0,0,0,0,0,0,0,0,2,0,0,0,0,0,0,0,0,0,2,0,0,0,0,0,0,0,0,0,2,0,0,0,0,0,0,0,2,0,2,0,112,3,0,0,0,0,0,0,0,0,0,0,0,0,0,0,0,0,0,0,0,0,0,0,0,0,0,0,0,0,0,0,0,0,0,0,0,0,0,0,0,0,0,,"
"EVO_FW2P17_BRD5_15PCS_RESEAT17,6/24/2019 4:37:24 PM,6/24/2019 10:24:55 PM,01180101120005,02170104120083,D,5,83,0,0,0,0,0,0,0,0,2,0,0,0,0,0,0,0,0,0,2,0,0,0,0,0,0,0,0,0,2,0,0,0,0,0,0,0,2,0,2,0,112,1,0,0,0,0,0,0,0,0,0,0,0,0,0,0,0,0,0,0,0,0,0,0,0,0,0,0,0,0,0,0,0,0,0,0,0,0,0,0,0,0,0,,"
"EVO_FW2P17_BRD5_15PCS_RESEAT17,6/24/2019 4:37:24 PM,6/24/2019 10:28:48 PM,01180101120005,02170104120083,D,5,83,0,0,0,0,0,0,0,0,2,0,0,0,0,0,0,0,0,0,2,0,0,0,0,0,0,0,0,0,2,0,0,0,0,0,0,0,2,0,2,0,112,2,0,0,0,0,0,0,0,0,0,0,0,0,0,0,0,0,0,0,0,0,0,0,0,0,0,0,0,0,0,0,0,0,0,0,0,0,0,0,0,0,0,,"
"EVO_FW2P17_BRD5_15PCS_RESEAT17,6/24/2019 4:37:24 PM,6/24/2019 10:32:42 PM,01180101120005,02170104120083,D,5,83,0,0,0,0,0,0,0,0,2,0,0,0,0,0,0,0,0,0,2,0,0,0,0,0,0,0,0,0,2,0,0,0,0,0,0,0,2,0,2,0,112,3,0,0,0,0,0,0,0,0,0,0,0,0,0,0,0,0,0,0,0,0,0,0,0,0,0,0,0,0,0,0,0,0,0,0,0,0,0,0,0,0,0,,"
"EVO_FW2P17_BRD5_15PCS_RESEAT17,6/24/2019 4:37:24 PM,6/24/2019 10:36:35 PM,01180101120005,02170104120083,D,5,83,0,0,0,0,0,0,0,0,2,0,0,0,0,0,0,0,0,0,2,0,0,0,0,0,0,0,0,0,2,0,0,0,0,0,0,0,2,0,2,0,112,1,0,0,0,0,0,0,0,0,0,0,0,0,0,0,0,0,0,0,0,0,0,0,0,0,0,0,0,0,0,0,0,0,0,0,0,0,0,0,0,0,0,,"
"EVO_FW2P17_BRD5_15PCS_RESEAT17,6/24/2019 4:37:24 PM,6/24/2019 10:40:29 PM,01180101120005,02170104120083,D,5,83,0,0,0,0,0,0,0,0,2,0,0,0,0,0,0,0,0,0,2,0,0,0,0,0,0,0,0,0,2,0,0,0,0,0,0,0,2,0,2,0,114,2,0,0,0,0,0,0,0,0,0,0,0,0,0,0,0,0,0,0,0,0,0,0,0,0,0,0,0,0,0,0,0,0,0,0,0,0,0,0,0,0,0,,"
"EVO_FW2P17_BRD5_15PCS_RESEAT17,6/24/2019 4:37:24 PM,6/24/2019 10:44:22 PM,01180101120005,02170104120083,D,5,83,0,0,0,0,0,0,0,0,2,0,0,0,0,0,0,0,0,0,2,0,0,0,0,0,0,0,0,0,2,0,0,0,0,0,0,0,2,0,2,0,112,3,0,0,0,0,0,0,0,0,0,0,0,0,0,0,0,0,0,0,0,0,0,0,0,0,0,0,0,0,0,0,0,0,0,0,0,0,0,0,0,0,0,,"
"EVO_FW2P17_BRD5_15PCS_RESEAT17,6/24/2019 4:37:24 PM,6/24/2019 10:49:29 PM,01180101120005,02170104120083,D,5,83,2,0,0,0,0,0,0,0,2,0,0,0,0,0,0,0,0,0,2,0,0,0,0,0,0,0,0,0,2,0,0,0,0,0,0,0,2,0,2,0,112,1,0,0,0,0,0,0,0,0,0,0,0,0,0,0,0,0,0,0,0,0,0,0,0,0,0,0,0,0,0,0,0,0,0,0,0,0,0,0,0,0,0,,"
"EVO_FW2P17_BRD5_15PCS_RESEAT17,6/24/2019 4:37:24 PM,6/24/2019 10:53:23 PM,01180101120005,02170104120083,D,5,83,2,0,0,0,0,0,0,0,2,0,0,0,0,0,0,0,0,0,2,0,0,0,0,0,0,0,0,0,2,0,0,0,0,0,0,0,2,0,2,0,112,2,0,0,0,0,0,0,0,0,0,0,0,0,0,0,0,0,0,0,0,0,0,0,0,0,0,0,0,0,0,0,0,0,0,0,0,0,0,0,0,0,0,,"
"EVO_FW2P17_BRD5_15PCS_RESEAT17,6/24/2019 4:37:24 PM,6/24/2019 10:57:16 PM,01180101120005,02170104120083,D,5,83,2,0,0,0,0,0,0,0,2,0,0,0,0,0,0,0,0,0,2,0,0,0,0,0,0,0,0,0,2,0,0,0,0,0,0,0,2,0,2,0,112,3,0,0,0,0,0,0,0,0,0,0,0,0,0,0,0,0,0,0,0,0,0,0,0,0,0,0,0,0,0,0,0,0,0,0,0,0,0,0,0,0,0,,"
"EVO_FW2P17_BRD5_15PCS_RESEAT17,6/24/2019 4:37:24 PM,6/24/2019 11:01:10 PM,01180101120005,02170104120083,D,5,83,0,0,0,0,0,0,0,0,2,0,0,0,0,0,0,0,0,0,2,0,0,0,0,0,0,0,0,0,2,0,0,0,0,0,0,0,2,0,2,0,111,1,0,0,0,0,0,0,0,0,0,0,0,0,0,0,0,0,0,0,0,0,0,0,0,0,0,0,0,0,0,0,0,0,0,0,0,0,0,0,0,0,0,,"
"EVO_FW2P17_BRD5_15PCS_RESEAT17,6/24/2019 4:37:24 PM,6/24/2019 11:05:03 PM,01180101120005,02170104120083,D,5,83,0,0,0,0,0,0,0,0,2,0,0,0,0,0,0,0,0,0,2,0,0,0,0,0,0,0,0,0,2,0,0,0,0,0,0,0,2,0,2,0,116,2,0,0,0,0,0,0,0,0,0,0,0,0,0,0,0,0,0,0,0,0,0,0,0,0,0,0,0,0,0,0,0,0,0,0,0,0,0,0,0,0,0,,"
"EVO_FW2P17_BRD5_15PCS_RESEAT17,6/24/2019 4:37:24 PM,6/24/2019 11:08:57 PM,01180101120005,02170104120083,D,5,83,0,0,0,0,0,0,0,0,2,0,0,0,0,0,0,0,0,0,2,0,0,0,0,0,0,0,0,0,2,0,0,0,0,0,0,0,2,0,2,0,112,3,0,0,0,0,0,0,0,0,0,0,0,0,0,0,0,0,0,0,0,0,0,0,0,0,0,0,0,0,0,0,0,0,0,0,0,0,0,0,0,0,0,,"
"EVO_FW2P17_BRD5_15PCS_RESEAT17,6/24/2019 4:37:24 PM,6/24/2019 11:12:50 PM,01180101120005,02170104120083,D,5,83,0,0,0,0,0,0,0,0,2,0,0,0,0,0,0,0,0,0,2,0,0,0,0,0,0,0,0,0,2,0,0,0,0,0,0,0,2,0,2,0,114,1,0,0,0,0,0,0,0,0,0,0,0,0,0,0,0,0,0,0,0,0,0,0,0,0,0,0,0,0,0,0,0,0,0,0,0,0,0,0,0,0,0,,"
"EVO_FW2P17_BRD5_15PCS_RESEAT17,6/24/2019 4:37:24 PM,6/24/2019 11:17:57 PM,01180101120005,02170104120083,D,5,83,0,0,0,0,0,0,0,0,2,0,0,0,0,0,0,0,0,0,2,0,0,0,0,0,0,0,0,0,2,0,0,0,0,0,0,0,2,0,2,0,112,2,0,0,0,0,0,0,0,0,0,0,0,0,0,0,0,0,0,0,0,0,0,0,0,0,0,0,0,0,0,0,0,0,0,0,0,0,0,0,0,0,0,,"
"EVO_FW2P17_BRD5_15PCS_RESEAT17,6/24/2019 4:37:24 PM,6/24/2019 11:21:51 PM,01180101120005,02170104120083,D,5,83,0,0,0,0,0,0,0,0,2,0,0,0,0,0,0,0,0,0,2,0,0,0,0,0,0,0,0,0,2,0,0,0,0,0,0,0,2,0,2,0,112,3,0,0,0,0,0,0,0,0,0,0,0,0,0,0,0,0,0,0,0,0,0,0,0,0,0,0,0,0,0,0,0,0,0,0,0,0,0,0,0,0,0,,"
"EVO_FW2P17_BRD5_15PCS_RESEAT17,6/24/2019 4:37:24 PM,6/24/2019 11:25:44 PM,01180101120005,02170104120083,D,5,83,0,0,0,0,0,0,0,0,2,0,0,0,0,0,0,0,0,0,2,0,0,0,0,0,0,0,0,0,2,0,0,0,0,0,0,0,2,0,2,0,112,1,0,0,0,0,0,0,0,0,0,0,0,0,0,0,0,0,0,0,0,0,0,0,0,0,0,0,0,0,0,0,0,0,0,0,0,0,0,0,0,0,0,,"
"EVO_FW2P17_BRD5_15PCS_RESEAT17,6/24/2019 4:37:24 PM,6/24/2019 11:29:38 PM,01180101120005,02170104120083,D,5,83,0,0,0,0,0,0,0,0,2,0,0,0,0,0,0,0,0,0,2,0,0,0,0,0,0,0,0,0,2,0,0,0,0,0,0,0,2,0,2,0,114,2,0,0,0,0,0,0,0,0,0,0,0,0,0,0,0,0,0,0,0,0,0,0,0,0,0,0,0,0,0,0,0,0,0,0,0,0,0,0,0,0,0,,"
"EVO_FW2P17_BRD5_15PCS_RESEAT17,6/24/2019 4:37:24 PM,6/24/2019 11:33:31 PM,01180101120005,02170104120083,D,5,83,0,0,0,0,0,0,0,0,2,0,0,0,0,0,0,0,0,0,2,0,0,0,0,0,0,0,0,0,2,0,0,0,0,0,0,0,2,0,2,0,112,3,0,0,0,0,0,0,0,0,0,0,0,0,0,0,0,0,0,0,0,0,0,0,0,0,0,0,0,0,0,0,0,0,0,0,0,0,0,0,0,0,0,,"
"EVO_FW2P17_BRD5_15PCS_RESEAT17,6/24/2019 4:37:24 PM,6/24/2019 11:37:25 PM,01180101120005,02170104120083,D,5,83,0,0,0,0,0,0,0,0,2,0,0,0,0,0,0,0,0,0,2,0,0,0,0,0,0,0,0,0,2,0,0,0,0,0,0,0,2,0,2,0,114,1,0,0,0,0,0,0,0,0,0,0,0,0,0,0,0,0,0,0,0,0,0,0,0,0,0,0,0,0,0,0,0,0,0,0,0,0,0,0,0,0,0,,"
"EVO_FW2P17_BRD5_15PCS_RESEAT17,6/24/2019 4:37:24 PM,6/24/2019 11:41:18 PM,01180101120005,02170104120083,D,5,83,0,0,0,0,0,0,0,0,2,0,0,0,0,0,0,0,0,0,2,0,0,0,0,0,0,0,0,0,2,0,0,0,0,0,0,0,2,0,2,0,114,2,0,0,0,0,0,0,0,0,0,0,0,0,0,0,0,0,0,0,0,0,0,0,0,0,0,0,0,0,0,0,0,0,0,0,0,0,0,0,0,0,0,,"
"EVO_FW2P17_BRD5_15PCS_RESEAT17,6/24/2019 4:37:24 PM,6/24/2019 11:46:25 PM,01180101120005,02170104120083,D,5,83,0,0,0,0,0,0,0,0,2,0,0,0,0,0,0,0,0,0,2,0,0,0,0,0,0,0,0,0,2,0,0,0,0,0,0,0,2,0,2,0,112,3,0,0,0,0,0,0,0,0,0,0,0,0,0,0,0,0,0,0,0,0,0,0,0,0,0,0,0,0,0,0,0,0,0,0,0,0,0,0,0,0,0,,"
"EVO_FW2P17_BRD5_15PCS_RESEAT17,6/24/2019 4:37:24 PM,6/24/2019 11:50:19 PM,01180101120005,02170104120083,D,5,83,0,0,0,0,0,0,0,0,2,0,0,0,0,0,0,0,0,0,2,0,0,0,0,0,0,0,0,0,2,0,0,0,0,0,0,0,2,0,2,0,116,1,0,0,0,0,0,0,0,0,0,0,0,0,0,0,0,0,0,0,0,0,0,0,0,0,0,0,0,0,0,0,0,0,0,0,0,0,0,0,0,0,0,,"
"EVO_FW2P17_BRD5_15PCS_RESEAT17,6/24/2019 4:37:24 PM,6/24/2019 11:54:12 PM,01180101120005,02170104120083,D,5,83,0,0,0,0,0,0,0,0,2,0,0,0,0,0,0,0,0,0,2,0,0,0,0,0,0,0,0,0,2,0,0,0,0,0,0,0,2,0,2,0,112,2,0,0,0,0,0,0,0,0,0,0,0,0,0,0,0,0,0,0,0,0,0,0,0,0,0,0,0,0,0,0,0,0,0,0,0,0,0,0,0,0,0,,"
"EVO_FW2P17_BRD5_15PCS_RESEAT17,6/24/2019 4:37:24 PM,6/24/2019 11:58:06 PM,01180101120005,02170104120083,D,5,83,0,0,0,0,0,0,0,0,2,0,0,0,0,0,0,0,0,0,2,0,0,0,0,0,0,0,0,0,2,0,0,0,0,0,0,0,2,0,2,0,114,3,0,0,0,0,0,0,0,0,0,0,0,0,0,0,0,0,0,0,0,0,0,0,0,0,0,0,0,0,0,0,0,0,0,0,0,0,0,0,0,0,0,,"
"EVO_FW2P17_BRD5_15PCS_RESEAT17,6/24/2019 4:37:24 PM,6/25/2019 12:01:59 AM,01180101120005,02170104120083,D,5,83,0,0,0,0,0,0,0,0,2,0,0,0,0,0,0,0,0,0,2,0,0,0,0,0,0,0,0,0,2,0,0,0,0,0,0,0,2,0,2,0,112,1,0,0,0,0,0,0,0,0,0,0,0,0,0,0,0,0,0,0,0,0,0,0,0,0,0,0,0,0,0,0,0,0,0,0,0,0,0,0,0,0,0,,"
"EVO_FW2P17_BRD5_15PCS_RESEAT17,6/24/2019 4:37:24 PM,6/25/2019 12:05:53 AM,01180101120005,02170104120083,D,5,83,0,0,0,0,0,0,0,0,2,0,0,0,0,0,0,0,0,0,2,0,0,0,0,0,0,0,0,0,2,0,0,0,0,0,0,0,2,0,2,0,113,2,0,0,0,0,0,0,0,0,0,0,0,0,0,0,0,0,0,0,0,0,0,0,0,0,0,0,0,0,0,0,0,0,0,0,0,0,0,0,0,0,0,,"
"EVO_FW2P17_BRD5_15PCS_RESEAT17,6/24/2019 4:37:24 PM,6/25/2019 12:09:46 AM,01180101120005,02170104120083,D,5,83,0,0,0,0,0,0,0,0,2,0,0,0,0,0,0,0,0,0,2,0,0,0,0,0,0,0,0,0,2,0,0,0,0,0,0,0,2,0,2,0,112,3,0,0,0,0,0,0,0,0,0,0,0,0,0,0,0,0,0,0,0,0,0,0,0,0,0,0,0,0,0,0,0,0,0,0,0,0,0,0,0,0,0,,"
"EVO_FW2P17_BRD5_15PCS_RESEAT17,6/24/2019 4:37:24 PM,6/25/2019 12:14:53 AM,01180101120005,02170104120083,D,5,83,0,0,0,0,0,0,0,0,2,0,0,0,0,0,0,0,0,0,2,0,0,0,0,0,0,0,0,0,2,0,0,0,0,0,0,0,2,0,2,0,112,1,0,0,0,0,0,0,0,0,0,0,0,0,0,0,0,0,0,0,0,0,0,0,0,0,0,0,0,0,0,0,0,0,0,0,0,0,0,0,0,0,0,,"
"EVO_FW2P17_BRD5_15PCS_RESEAT17,6/24/2019 4:37:24 PM,6/25/2019 12:18:47 AM,01180101120005,02170104120083,D,5,83,0,0,0,0,0,0,0,0,2,0,0,0,0,0,0,0,0,0,2,0,0,0,0,0,0,0,0,0,2,0,0,0,0,0,0,0,2,0,2,0,112,2,0,0,0,0,0,0,0,0,0,0,0,0,0,0,0,0,0,0,0,0,0,0,0,0,0,0,0,0,0,0,0,0,0,0,0,0,0,0,0,0,0,,"
"EVO_FW2P17_BRD5_15PCS_RESEAT17,6/24/2019 4:37:24 PM,6/25/2019 12:22:40 AM,01180101120005,02170104120083,D,5,83,0,0,0,0,0,0,0,0,2,0,0,0,0,0,0,0,0,0,2,0,0,0,0,0,0,0,0,0,2,0,0,0,0,0,0,0,2,0,2,0,112,3,0,0,0,0,0,0,0,0,0,0,0,0,0,0,0,0,0,0,0,0,0,0,0,0,0,0,0,0,0,0,0,0,0,0,0,0,0,0,0,0,0,,"
"EVO_FW2P17_BRD5_15PCS_RESEAT17,6/24/2019 4:37:24 PM,6/25/2019 12:26:34 AM,01180101120005,02170104120083,D,5,83,0,0,0,0,0,0,0,0,2,0,0,0,0,0,0,0,0,0,2,0,0,0,0,0,0,0,0,0,2,0,0,0,0,0,0,0,2,0,2,0,112,1,0,0,0,0,0,0,0,0,0,0,0,0,0,0,0,0,0,0,0,0,0,0,0,0,0,0,0,0,0,0,0,0,0,0,0,0,0,0,0,0,0,,"
"EVO_FW2P17_BRD5_15PCS_RESEAT17,6/24/2019 4:37:24 PM,6/25/2019 12:30:27 AM,01180101120005,02170104120083,D,5,83,0,0,0,0,0,0,0,0,2,0,0,0,0,0,0,0,0,0,2,0,0,0,0,0,0,0,0,0,2,0,0,0,0,0,0,0,2,0,2,0,114,2,0,0,0,0,0,0,0,0,0,0,0,0,0,0,0,0,0,0,0,0,0,0,0,0,0,0,0,0,0,0,0,0,0,0,0,0,0,0,0,0,0,,"
"EVO_FW2P17_BRD5_15PCS_RESEAT17,6/24/2019 4:37:24 PM,6/25/2019 12:34:21 AM,01180101120005,02170104120083,D,5,83,0,0,0,0,0,0,0,0,2,0,0,0,0,0,0,0,0,0,2,0,0,0,0,0,0,0,0,0,2,0,0,0,0,0,0,0,2,0,2,0,114,3,0,0,0,0,0,0,0,0,0,0,0,0,0,0,0,0,0,0,0,0,0,0,0,0,0,0,0,0,0,0,0,0,0,0,0,0,0,0,0,0,0,,"
"EVO_FW2P17_BRD5_15PCS_RESEAT17,6/24/2019 4:37:24 PM,6/25/2019 12:39:28 AM,01180101120005,02170104120083,D,5,83,0,0,0,0,0,0,0,0,2,0,0,0,0,0,0,0,0,0,2,0,0,0,0,0,0,0,0,0,2,0,0,0,0,0,0,0,2,0,2,0,114,1,0,0,0,0,0,0,0,0,0,0,0,0,0,0,0,0,0,0,0,0,0,0,0,0,0,0,0,0,0,0,0,0,0,0,0,0,0,0,0,0,0,,"
"EVO_FW2P17_BRD5_15PCS_RESEAT17,6/24/2019 4:37:24 PM,6/25/2019 12:43:21 AM,01180101120005,02170104120083,D,5,83,0,0,0,0,0,0,0,0,2,0,0,0,0,0,0,0,0,0,2,0,0,0,0,0,0,0,0,0,2,0,0,0,0,0,0,0,2,0,2,0,112,2,0,0,0,0,0,0,0,0,0,0,0,0,0,0,0,0,0,0,0,0,0,0,0,0,0,0,0,0,0,0,0,0,0,0,0,0,0,0,0,0,0,,"
"EVO_FW2P17_BRD5_15PCS_RESEAT17,6/24/2019 4:37:24 PM,6/25/2019 12:47:15 AM,01180101120005,02170104120083,D,5,83,0,0,0,0,0,0,0,0,2,0,0,0,0,0,0,0,0,0,2,0,0,0,0,0,0,0,0,0,2,0,0,0,0,0,0,0,2,0,2,0,112,3,0,0,0,0,0,0,0,0,0,0,0,0,0,0,0,0,0,0,0,0,0,0,0,0,0,0,0,0,0,0,0,0,0,0,0,0,0,0,0,0,0,,"
"EVO_FW2P17_BRD5_15PCS_RESEAT17,6/24/2019 4:37:24 PM,6/25/2019 12:51:08 AM,01180101120005,02170104120083,D,5,83,0,0,0,0,0,0,0,0,2,0,0,0,0,0,0,0,0,0,2,0,0,0,0,0,0,0,0,0,2,0,0,0,0,0,0,0,2,0,2,0,112,1,0,0,0,0,0,0,0,0,0,0,0,0,0,0,0,0,0,0,0,0,0,0,0,0,0,0,0,0,0,0,0,0,0,0,0,0,0,0,0,0,0,,"
"EVO_FW2P17_BRD5_15PCS_RESEAT17,6/24/2019 4:37:24 PM,6/25/2019 12:55:02 AM,01180101120005,02170104120083,D,5,83,0,0,0,0,0,0,0,0,2,0,0,0,0,0,0,0,0,0,2,0,0,0,0,0,0,0,0,0,2,0,0,0,0,0,0,0,2,0,2,0,112,2,0,0,0,0,0,0,0,0,0,0,0,0,0,0,0,0,0,0,0,0,0,0,0,0,0,0,0,0,0,0,0,0,0,0,0,0,0,0,0,0,0,,"
"EVO_FW2P17_BRD5_15PCS_RESEAT17,6/24/2019 4:37:24 PM,6/25/2019 12:58:55 AM,01180101120005,02170104120083,D,5,83,0,0,0,0,0,0,0,0,2,0,0,0,0,0,0,0,0,0,2,0,0,0,0,0,0,0,0,0,2,0,0,0,0,0,0,0,2,0,2,0,112,3,0,0,0,0,0,0,0,0,0,0,0,0,0,0,0,0,0,0,0,0,0,0,0,0,0,0,0,0,0,0,0,0,0,0,0,0,0,0,0,0,0,,"
"EVO_FW2P17_BRD5_15PCS_RESEAT17,6/24/2019 4:37:24 PM,6/25/2019 1:02:49 AM,01180101120005,02170104120083,D,5,83,0,0,0,0,0,0,0,0,2,0,0,0,0,0,0,0,0,0,2,0,0,0,0,0,0,0,0,0,2,0,0,0,0,0,0,0,2,0,2,0,114,1,0,0,0,0,0,0,0,0,0,0,0,0,0,0,0,0,0,0,0,0,0,0,0,0,0,0,0,0,0,0,0,0,0,0,0,0,0,0,0,0,0,,"
"EVO_FW2P17_BRD5_15PCS_RESEAT17,6/24/2019 4:37:24 PM,6/25/2019 1:07:56 AM,01180101120005,02170104120083,D,5,83,0,0,0,0,0,0,0,0,2,0,0,0,0,0,0,0,0,0,2,0,0,0,0,0,0,0,0,0,2,0,0,0,0,0,0,0,2,0,2,0,112,2,0,0,0,0,0,0,0,0,0,0,0,0,0,0,0,0,0,0,0,0,0,0,0,0,0,0,0,0,0,0,0,0,0,0,0,0,0,0,0,0,0,,"
"EVO_FW2P17_BRD5_15PCS_RESEAT17,6/24/2019 4:37:24 PM,6/25/2019 1:11:49 AM,01180101120005,02170104120083,D,5,83,0,0,0,0,0,0,0,0,2,0,0,0,0,0,0,0,0,0,2,0,0,0,0,0,0,0,0,0,2,0,0,0,0,0,0,0,2,0,2,0,112,3,0,0,0,0,0,0,0,0,0,0,0,0,0,0,0,0,0,0,0,0,0,0,0,0,0,0,0,0,0,0,0,0,0,0,0,0,0,0,0,0,0,,"
"EVO_FW2P17_BRD5_15PCS_RESEAT17,6/24/2019 4:37:24 PM,6/25/2019 1:15:43 AM,01180101120005,02170104120083,D,5,83,0,0,0,0,0,0,0,0,2,0,0,0,0,0,0,0,0,0,2,0,0,0,0,0,0,0,0,0,2,0,0,0,0,0,0,0,2,0,2,0,112,1,0,0,0,0,0,0,0,0,0,0,0,0,0,0,0,0,0,0,0,0,0,0,0,0,0,0,0,0,0,0,0,0,0,0,0,0,0,0,0,0,0,,"
"EVO_FW2P17_BRD5_15PCS_RESEAT17,6/24/2019 4:37:24 PM,6/25/2019 1:19:36 AM,01180101120005,02170104120083,D,5,83,0,0,0,0,0,0,0,0,2,0,0,0,0,0,0,0,0,0,2,0,0,0,0,0,0,0,0,0,2,0,0,0,0,0,0,0,2,0,2,0,112,2,0,0,0,0,0,0,0,0,0,0,0,0,0,0,0,0,0,0,0,0,0,0,0,0,0,0,0,0,0,0,0,0,0,0,0,0,0,0,0,0,0,,"
"EVO_FW2P17_BRD5_15PCS_RESEAT17,6/24/2019 4:37:24 PM,6/25/2019 1:23:30 AM,01180101120005,02170104120083,D,5,83,0,0,0,0,0,0,0,0,2,0,0,0,0,0,0,0,0,0,2,0,0,0,0,0,0,0,0,0,2,0,0,0,0,0,0,0,2,0,2,0,112,3,0,0,0,0,0,0,0,0,0,0,0,0,0,0,0,0,0,0,0,0,0,0,0,0,0,0,0,0,0,0,0,0,0,0,0,0,0,0,0,0,0,,"
"EVO_FW2P17_BRD5_15PCS_RESEAT17,6/24/2019 4:37:24 PM,6/25/2019 1:27:23 AM,01180101120005,02170104120083,D,5,83,2,0,0,0,0,0,0,0,2,0,0,0,0,0,0,0,0,0,2,0,0,0,0,0,0,0,0,0,2,0,0,0,0,0,0,0,2,0,2,0,112,1,0,0,0,0,0,0,0,0,0,0,0,0,0,0,0,0,0,0,0,0,0,0,0,0,0,0,0,0,0,0,0,0,0,0,0,0,0,0,0,0,0,,"
"EVO_FW2P17_BRD5_15PCS_RESEAT17,6/24/2019 4:37:24 PM,6/25/2019 1:31:17 AM,01180101120005,02170104120083,D,5,83,2,0,0,0,0,0,0,0,2,0,0,0,0,0,0,0,0,0,2,0,0,0,0,0,0,0,0,0,2,0,0,0,0,0,0,0,2,0,2,0,114,2,0,0,0,0,0,0,0,0,0,0,0,0,0,0,0,0,0,0,0,0,0,0,0,0,0,0,0,0,0,0,0,0,0,0,0,0,0,0,0,0,0,,"
"EVO_FW2P17_BRD5_15PCS_RESEAT17,6/24/2019 4:37:24 PM,6/25/2019 1:36:24 AM,01180101120005,02170104120083,D,5,83,2,0,0,0,0,0,0,0,2,0,0,0,0,0,0,0,0,0,2,0,0,0,0,0,0,0,0,0,2,0,0,0,0,0,0,0,2,0,2,0,114,3,0,0,0,0,0,0,0,0,0,0,0,0,0,0,0,0,0,0,0,0,0,0,0,0,0,0,0,0,0,0,0,0,0,0,0,0,0,0,0,0,0,,"
"EVO_FW2P17_BRD5_15PCS_RESEAT17,6/24/2019 4:37:24 PM,6/25/2019 1:40:17 AM,01180101120005,02170104120083,D,5,83,0,0,0,0,0,0,0,0,2,0,0,0,0,0,0,0,0,0,2,0,0,0,0,0,0,0,0,0,2,0,0,0,0,0,0,0,2,0,2,0,114,1,0,0,0,0,0,0,0,0,0,0,0,0,0,0,0,0,0,0,0,0,0,0,0,0,0,0,0,0,0,0,0,0,0,0,0,0,0,0,0,0,0,,"
"EVO_FW2P17_BRD5_15PCS_RESEAT17,6/24/2019 4:37:24 PM,6/25/2019 1:44:11 AM,01180101120005,02170104120083,D,5,83,0,0,0,0,0,0,0,0,2,0,0,0,0,0,0,0,0,0,2,0,0,0,0,0,0,0,0,0,2,0,0,0,0,0,0,0,2,0,2,0,112,2,0,0,0,0,0,0,0,0,0,0,0,0,0,0,0,0,0,0,0,0,0,0,0,0,0,0,0,0,0,0,0,0,0,0,0,0,0,0,0,0,0,,"
"EVO_FW2P17_BRD5_15PCS_RESEAT17,6/24/2019 4:37:24 PM,6/25/2019 1:48:04 AM,01180101120005,02170104120083,D,5,83,0,0,0,0,0,0,0,0,2,0,0,0,0,0,0,0,0,0,2,0,0,0,0,0,0,0,0,0,2,0,0,0,0,0,0,0,2,0,2,0,112,3,0,0,0,0,0,0,0,0,0,0,0,0,0,0,0,0,0,0,0,0,0,0,0,0,0,0,0,0,0,0,0,0,0,0,0,0,0,0,0,0,0,,"
"EVO_FW2P17_BRD5_15PCS_RESEAT17,6/24/2019 4:37:24 PM,6/25/2019 1:51:58 AM,01180101120005,02170104120083,D,5,83,0,0,0,0,0,0,0,0,2,0,0,0,0,0,0,0,0,0,2,0,0,0,0,0,0,0,0,0,2,0,0,0,0,0,0,0,2,0,2,0,114,1,0,0,0,0,0,0,0,0,0,0,0,0,0,0,0,0,0,0,0,0,0,0,0,0,0,0,0,0,0,0,0,0,0,0,0,0,0,0,0,0,0,,"
"EVO_FW2P17_BRD5_15PCS_RESEAT17,6/24/2019 4:37:24 PM,6/25/2019 1:55:51 AM,01180101120005,02170104120083,D,5,83,0,0,0,0,0,0,0,0,2,0,0,0,0,0,0,0,0,0,2,0,0,0,0,0,0,0,0,0,2,0,0,0,0,0,0,0,2,0,2,0,112,2,0,0,0,0,0,0,0,0,0,0,0,0,0,0,0,0,0,0,0,0,0,0,0,0,0,0,0,0,0,0,0,0,0,0,0,0,0,0,0,0,0,,"
"EVO_FW2P17_BRD5_15PCS_RESEAT17,6/24/2019 4:37:24 PM,6/25/2019 1:59:45 AM,01180101120005,02170104120083,D,5,83,0,0,0,0,0,0,0,0,2,0,0,0,0,0,0,0,0,0,2,0,0,0,0,0,0,0,0,0,2,0,0,0,0,0,0,0,2,0,2,0,112,3,0,0,0,0,0,0,0,0,0,0,0,0,0,0,0,0,0,0,0,0,0,0,0,0,0,0,0,0,0,0,0,0,0,0,0,0,0,0,0,0,0,,"
"EVO_FW2P17_BRD5_15PCS_RESEAT17,6/24/2019 4:37:24 PM,6/25/2019 2:04:52 AM,01180101120005,02170104120083,D,5,83,0,0,0,0,0,0,0,0,2,0,0,0,0,0,2,0,0,0,2,0,0,0,0,0,0,0,0,0,2,0,0,0,0,0,0,0,2,0,2,0,112,1,0,0,0,0,0,0,0,0,0,0,0,0,0,0,0,0,0,0,0,0,0,0,0,0,0,0,0,0,0,0,0,0,0,0,0,0,0,0,0,0,0,,"
"EVO_FW2P17_BRD5_15PCS_RESEAT17,6/24/2019 4:37:24 PM,6/25/2019 2:08:45 AM,01180101120005,02170104120083,D,5,83,0,0,0,0,0,0,0,0,2,0,0,0,0,0,2,0,0,0,2,0,0,0,0,0,0,0,0,0,2,0,0,0,0,0,0,0,2,0,2,0,112,2,0,0,0,0,0,0,0,0,0,0,0,0,0,0,0,0,0,0,0,0,0,0,0,0,0,0,0,0,0,0,0,0,0,0,0,0,0,0,0,0,0,,"
"EVO_FW2P17_BRD5_15PCS_RESEAT17,6/24/2019 4:37:24 PM,6/25/2019 2:12:39 AM,01180101120005,02170104120083,D,5,83,0,0,0,0,0,0,0,0,2,0,0,0,0,0,2,0,0,0,2,0,0,0,0,0,0,0,0,0,2,0,0,0,0,0,0,0,2,0,2,0,114,3,0,0,0,0,0,0,0,0,0,0,0,0,0,0,0,0,0,0,0,0,0,0,0,0,0,0,0,0,0,0,0,0,0,0,0,0,0,0,0,0,0,,"
"EVO_FW2P17_BRD5_15PCS_RESEAT17,6/24/2019 4:37:24 PM,6/25/2019 2:16:32 AM,01180101120005,02170104120083,D,5,83,0,0,0,0,0,0,0,0,2,0,0,0,0,0,0,0,0,0,2,0,0,0,0,0,0,0,0,0,2,0,0,0,0,0,0,0,2,0,2,0,112,1,0,0,0,0,0,0,0,0,0,0,0,0,0,0,0,0,0,0,0,0,0,0,0,0,0,0,0,0,0,0,0,0,0,0,0,0,0,0,0,0,0,,"
"EVO_FW2P17_BRD5_15PCS_RESEAT17,6/24/2019 4:37:24 PM,6/25/2019 2:20:26 AM,01180101120005,02170104120083,D,5,83,0,0,0,0,0,0,0,0,2,0,0,0,0,0,0,0,0,0,2,0,0,0,0,0,0,0,0,0,2,0,0,0,0,0,0,0,2,0,2,0,112,2,0,0,0,0,0,0,0,0,0,0,0,0,0,0,0,0,0,0,0,0,0,0,0,0,0,0,0,0,0,0,0,0,0,0,0,0,0,0,0,0,0,,"
"EVO_FW2P17_BRD5_15PCS_RESEAT17,6/24/2019 4:37:24 PM,6/25/2019 2:24:19 AM,01180101120005,02170104120083,D,5,83,0,0,0,0,0,0,0,0,2,0,0,0,0,0,0,0,0,0,2,0,0,0,0,0,0,0,0,0,2,0,0,0,0,0,0,0,2,0,2,0,112,3,0,0,0,0,0,0,0,0,0,0,0,0,0,0,0,0,0,0,0,0,0,0,0,0,0,0,0,0,0,0,0,0,0,0,0,0,0,0,0,0,0,,"
"EVO_FW2P17_BRD5_15PCS_RESEAT17,6/24/2019 4:37:24 PM,6/25/2019 2:29:26 AM,01180101120005,02170104120083,D,5,83,0,0,0,0,0,0,0,0,2,0,0,0,0,0,0,0,0,0,2,0,0,0,0,0,0,0,0,0,2,0,0,0,0,0,0,0,2,0,2,0,112,1,0,0,0,0,0,0,0,0,0,0,0,0,0,0,0,0,0,0,0,0,0,0,0,0,0,0,0,0,0,0,0,0,0,0,0,0,0,0,0,0,0,,"
"EVO_FW2P17_BRD5_15PCS_RESEAT17,6/24/2019 4:37:24 PM,6/25/2019 2:33:20 AM,01180101120005,02170104120083,D,5,83,0,0,0,0,0,0,0,0,2,0,0,0,0,0,0,0,0,0,2,0,0,0,0,0,0,0,0,0,2,0,0,0,0,0,0,0,2,0,2,0,114,2,0,0,0,0,0,0,0,0,0,0,0,0,0,0,0,0,0,0,0,0,0,0,0,0,0,0,0,0,0,0,0,0,0,0,0,0,0,0,0,0,0,,"
"EVO_FW2P17_BRD5_15PCS_RESEAT17,6/24/2019 4:37:24 PM,6/25/2019 2:37:13 AM,01180101120005,02170104120083,D,5,83,0,0,0,0,0,0,0,0,2,0,0,0,0,0,0,0,0,0,2,0,0,0,0,0,0,0,0,0,2,0,0,0,0,0,0,0,2,0,2,0,112,3,0,0,0,0,0,0,0,0,0,0,0,0,0,0,0,0,0,0,0,0,0,0,0,0,0,0,0,0,0,0,0,0,0,0,0,0,0,0,0,0,0,,"
"EVO_FW2P17_BRD5_15PCS_RESEAT17,6/24/2019 4:37:24 PM,6/25/2019 2:41:07 AM,01180101120005,02170104120083,D,5,83,0,0,0,0,0,0,0,0,2,0,0,0,0,0,0,0,0,0,2,0,0,0,0,0,0,0,0,0,2,0,0,0,0,0,0,0,2,0,2,0,114,1,0,0,0,0,0,0,0,0,0,0,0,0,0,0,0,0,0,0,0,0,0,0,0,0,0,0,0,0,0,0,0,0,0,0,0,0,0,0,0,0,0,,"
"EVO_FW2P17_BRD5_15PCS_RESEAT17,6/24/2019 4:37:24 PM,6/25/2019 2:45:00 AM,01180101120005,02170104120083,D,5,83,0,0,0,0,0,0,0,0,2,0,0,0,0,0,0,0,0,0,2,0,0,0,0,0,0,0,0,0,2,0,0,0,0,0,0,0,2,0,2,0,112,2,0,0,0,0,0,0,0,0,0,0,0,0,0,0,0,0,0,0,0,0,0,0,0,0,0,0,0,0,0,0,0,0,0,0,0,0,0,0,0,0,0,,"
"EVO_FW2P17_BRD5_15PCS_RESEAT17,6/24/2019 4:37:24 PM,6/25/2019 2:48:54 AM,01180101120005,02170104120083,D,5,83,0,0,0,0,0,0,0,0,2,0,0,0,0,0,0,0,0,0,2,0,0,0,0,0,0,0,0,0,2,0,0,0,0,0,0,0,2,0,2,0,112,3,0,0,0,0,0,0,0,0,0,0,0,0,0,0,0,0,0,0,0,0,0,0,0,0,0,0,0,0,0,0,0,0,0,0,0,0,0,0,0,0,0,,"
"EVO_FW2P17_BRD5_15PCS_RESEAT17,6/24/2019 4:37:24 PM,6/25/2019 2:54:01 AM,01180101120005,02170104120083,D,5,83,2,0,0,0,0,0,0,0,2,0,0,0,0,0,0,0,0,0,2,0,0,0,0,0,0,0,0,0,2,0,0,0,0,0,0,0,2,0,2,0,112,1,0,0,0,0,0,0,0,0,0,0,0,0,0,0,0,0,0,0,0,0,0,0,0,0,0,0,0,0,0,0,0,0,0,0,0,0,0,0,0,0,0,,"
"EVO_FW2P17_BRD5_15PCS_RESEAT17,6/24/2019 4:37:24 PM,6/25/2019 2:57:54 AM,01180101120005,02170104120083,D,5,83,2,0,0,0,0,0,0,0,2,0,0,0,0,0,0,0,0,0,2,0,0,0,0,0,0,0,0,0,2,0,0,0,0,0,0,0,2,0,2,0,112,2,0,0,0,0,0,0,0,0,0,0,0,0,0,0,0,0,0,0,0,0,0,0,0,0,0,0,0,0,0,0,0,0,0,0,0,0,0,0,0,0,0,,"
"EVO_FW2P17_BRD5_15PCS_RESEAT17,6/24/2019 4:37:24 PM,6/25/2019 3:01:48 AM,01180101120005,02170104120083,D,5,83,2,0,0,0,0,0,0,0,2,0,0,0,0,0,0,0,0,0,2,0,0,0,0,0,0,0,0,0,2,0,0,0,0,0,0,0,2,0,2,0,112,3,0,0,0,0,0,0,0,0,0,0,0,0,0,0,0,0,0,0,0,0,0,0,0,0,0,0,0,0,0,0,0,0,0,0,0,0,0,0,0,0,0,,"
"EVO_FW2P17_BRD5_15PCS_RESEAT17,6/24/2019 4:37:24 PM,6/25/2019 3:05:41 AM,01180101120005,02170104120083,D,5,83,0,0,0,0,0,0,0,0,2,0,0,0,0,0,0,0,2,0,2,0,0,0,0,0,0,0,0,0,2,0,0,0,0,0,0,0,2,0,2,0,111,1,0,0,0,0,0,0,0,0,0,0,0,0,0,0,0,0,0,0,0,0,0,0,0,0,0,0,0,0,0,0,0,0,0,0,0,0,0,0,0,0,0,,"
"EVO_FW2P17_BRD5_15PCS_RESEAT17,6/24/2019 4:37:24 PM,6/25/2019 3:09:35 AM,01180101120005,02170104120083,D,5,83,0,0,0,0,0,0,0,0,2,0,0,0,0,0,0,0,2,0,2,0,0,0,0,0,0,0,0,0,2,0,0,0,0,0,0,0,2,0,2,0,112,2,0,0,0,0,0,0,0,0,0,0,0,0,0,0,0,0,0,0,0,0,0,0,0,0,0,0,0,0,0,0,0,0,0,0,0,0,0,0,0,0,0,,"
"EVO_FW2P17_BRD5_15PCS_RESEAT17,6/24/2019 4:37:24 PM,6/25/2019 3:13:28 AM,01180101120005,02170104120083,D,5,83,0,0,0,0,0,0,0,0,2,0,0,0,0,0,0,0,2,0,2,0,0,0,0,0,0,0,0,0,2,0,0,0,0,0,0,0,2,0,2,0,114,3,0,0,0,0,0,0,0,0,0,0,0,0,0,0,0,0,0,0,0,0,0,0,0,0,0,0,0,0,0,0,0,0,0,0,0,0,0,0,0,0,0,,"
"EVO_FW2P17_BRD5_15PCS_RESEAT17,6/24/2019 4:37:24 PM,6/25/2019 3:17:22 AM,01180101120005,02170104120083,D,5,83,0,0,0,0,0,0,0,0,2,0,0,0,0,0,0,0,0,0,2,0,0,0,0,0,0,0,0,0,2,0,0,0,0,0,0,0,2,0,2,0,111,1,0,0,0,0,0,0,0,0,0,0,0,0,0,0,0,0,0,0,0,0,0,0,0,0,0,0,0,0,0,0,0,0,0,0,0,0,0,0,0,0,0,,"
"EVO_FW2P17_BRD5_15PCS_RESEAT17,6/24/2019 4:37:24 PM,6/25/2019 3:22:29 AM,01180101120005,02170104120083,D,5,83,0,0,0,0,0,0,0,0,2,0,0,0,0,0,0,0,0,0,2,0,0,0,0,0,0,0,0,0,2,0,0,0,0,0,0,0,2,0,2,0,114,2,0,0,0,0,0,0,0,0,0,0,0,0,0,0,0,0,0,0,0,0,0,0,0,0,0,0,0,0,0,0,0,0,0,0,0,0,0,0,0,0,0,,"
"EVO_FW2P17_BRD5_15PCS_RESEAT17,6/24/2019 4:37:24 PM,6/25/2019 3:26:22 AM,01180101120005,02170104120083,D,5,83,0,0,0,0,0,0,0,0,2,0,0,0,0,0,0,0,0,0,2,0,0,0,0,0,0,0,0,0,2,0,0,0,0,0,0,0,2,0,2,0,112,3,0,0,0,0,0,0,0,0,0,0,0,0,0,0,0,0,0,0,0,0,0,0,0,0,0,0,0,0,0,0,0,0,0,0,0,0,0,0,0,0,0,,"
"EVO_FW2P17_BRD5_15PCS_RESEAT17,6/24/2019 4:37:24 PM,6/25/2019 3:30:16 AM,01180101120005,02170104120083,D,5,83,0,0,0,0,0,0,0,0,2,0,0,0,0,0,0,0,0,0,2,0,0,0,0,0,0,0,0,0,2,0,0,0,0,0,0,0,2,0,2,0,112,1,0,0,0,0,0,0,0,0,0,0,0,0,0,0,0,0,0,0,0,0,0,0,0,0,0,0,0,0,0,0,0,0,0,0,0,0,0,0,0,0,0,,"
"EVO_FW2P17_BRD5_15PCS_RESEAT17,6/24/2019 4:37:24 PM,6/25/2019 3:34:09 AM,01180101120005,02170104120083,D,5,83,0,0,0,0,0,0,0,0,2,0,0,0,0,0,0,0,0,0,2,0,0,0,0,0,0,0,0,0,2,0,0,0,0,0,0,0,2,0,2,0,112,2,0,0,0,0,0,0,0,0,0,0,0,0,0,0,0,0,0,0,0,0,0,0,0,0,0,0,0,0,0,0,0,0,0,0,0,0,0,0,0,0,0,,"
"EVO_FW2P17_BRD5_15PCS_RESEAT17,6/24/2019 4:37:24 PM,6/25/2019 3:38:03 AM,01180101120005,02170104120083,D,5,83,0,0,0,0,0,0,0,0,2,0,0,0,0,0,0,0,0,0,2,0,0,0,0,0,0,0,0,0,2,0,0,0,0,0,0,0,2,0,2,0,112,3,0,0,0,0,0,0,0,0,0,0,0,0,0,0,0,0,0,0,0,0,0,0,0,0,0,0,0,0,0,0,0,0,0,0,0,0,0,0,0,0,0,,"
"EVO_FW2P17_BRD5_15PCS_RESEAT17,6/24/2019 4:37:24 PM,6/25/2019 3:41:56 AM,01180101120005,02170104120083,D,5,83,0,0,0,0,0,0,0,0,2,0,0,0,0,0,0,0,0,0,2,0,0,0,0,0,0,0,0,0,2,0,0,0,0,0,0,0,2,0,2,0,112,1,0,0,0,0,0,0,0,0,0,0,0,0,0,0,0,0,0,0,0,0,0,0,0,0,0,0,0,0,0,0,0,0,0,0,0,0,0,0,0,0,0,,"
"EVO_FW2P17_BRD5_15PCS_RESEAT17,6/24/2019 4:37:24 PM,6/25/2019 3:45:50 AM,01180101120005,02170104120083,D,5,83,0,0,0,0,0,0,0,0,2,0,0,0,0,0,0,0,0,0,2,0,0,0,0,0,0,0,0,0,2,0,0,0,0,0,0,0,2,0,2,0,112,2,0,0,0,0,0,0,0,0,0,0,0,0,0,0,0,0,0,0,0,0,0,0,0,0,0,0,0,0,0,0,0,0,0,0,0,0,0,0,0,0,0,,"
"EVO_FW2P17_BRD5_15PCS_RESEAT17,6/24/2019 4:37:24 PM,6/25/2019 3:50:57 AM,01180101120005,02170104120083,D,5,83,0,0,0,0,0,0,0,0,2,0,0,0,0,0,0,0,0,0,2,0,0,0,0,0,0,0,0,0,2,0,0,0,0,0,0,0,2,0,2,0,112,3,0,0,0,0,0,0,0,0,0,0,0,0,0,0,0,0,0,0,0,0,0,0,0,0,0,0,0,0,0,0,0,0,0,0,0,0,0,0,0,0,0,,"
"EVO_FW2P17_BRD5_15PCS_RESEAT17,6/24/2019 4:37:24 PM,6/25/2019 3:54:50 AM,01180101120005,02170104120083,D,5,83,0,0,0,0,0,0,0,0,2,0,0,0,0,0,0,0,0,0,2,0,0,0,0,0,0,0,0,0,2,0,0,0,0,0,0,0,2,0,2,0,112,1,0,0,0,0,0,0,0,0,0,0,0,0,0,0,0,0,0,0,0,0,0,0,0,0,0,0,0,0,0,0,0,0,0,0,0,0,0,0,0,0,0,,"
"EVO_FW2P17_BRD5_15PCS_RESEAT17,6/24/2019 4:37:24 PM,6/25/2019 3:58:44 AM,01180101120005,02170104120083,D,5,83,0,0,0,0,0,0,0,0,2,0,0,0,0,0,0,0,0,0,2,0,0,0,0,0,0,0,0,0,2,0,0,0,0,0,0,0,2,0,2,0,112,2,0,0,0,0,0,0,0,0,0,0,0,0,0,0,0,0,0,0,0,0,0,0,0,0,0,0,0,0,0,0,0,0,0,0,0,0,0,0,0,0,0,,"
"EVO_FW2P17_BRD5_15PCS_RESEAT17,6/24/2019 4:37:24 PM,6/25/2019 4:02:37 AM,01180101120005,02170104120083,D,5,83,0,0,0,0,0,0,0,0,2,0,0,0,0,0,0,0,0,0,2,0,0,0,0,0,0,0,0,0,2,0,0,0,0,0,0,0,2,0,2,0,112,3,0,0,0,0,0,0,0,0,0,0,0,0,0,0,0,0,0,0,0,0,0,0,0,0,0,0,0,0,0,0,0,0,0,0,0,0,0,0,0,0,0,,"
"EVO_FW2P17_BRD5_15PCS_RESEAT17,6/24/2019 4:37:24 PM,6/25/2019 4:06:31 AM,01180101120005,02170104120083,D,5,83,0,0,0,0,0,0,0,0,2,0,0,0,0,0,0,0,0,0,2,0,0,0,0,0,0,0,0,0,2,0,0,0,0,0,0,0,2,0,2,0,112,1,0,0,0,0,0,0,0,0,0,0,0,0,0,0,0,0,0,0,0,0,0,0,0,0,0,0,0,0,0,0,0,0,0,0,0,0,0,0,0,0,0,,"
"EVO_FW2P17_BRD5_15PCS_RESEAT17,6/24/2019 4:37:24 PM,6/25/2019 4:10:24 AM,01180101120005,02170104120083,D,5,83,0,0,0,0,0,0,0,0,2,0,0,0,0,0,0,0,0,0,2,0,0,0,0,0,0,0,0,0,2,0,0,0,0,0,0,0,2,0,2,0,112,2,0,0,0,0,0,0,0,0,0,0,0,0,0,0,0,0,0,0,0,0,0,0,0,0,0,0,0,0,0,0,0,0,0,0,0,0,0,0,0,0,0,,"
"EVO_FW2P17_BRD5_15PCS_RESEAT17,6/24/2019 4:37:24 PM,6/25/2019 4:14:18 AM,01180101120005,02170104120083,D,5,83,0,0,0,0,0,0,0,0,2,0,0,0,0,0,0,0,0,0,2,0,0,0,0,0,0,0,0,0,2,0,0,0,0,0,0,0,2,0,2,0,112,3,0,0,0,0,0,0,0,0,0,0,0,0,0,0,0,0,0,0,0,0,0,0,0,0,0,0,0,0,0,0,0,0,0,0,0,0,0,0,0,0,0,,"
"EVO_FW2P17_BRD5_15PCS_RESEAT17,6/24/2019 4:37:24 PM,6/25/2019 4:19:25 AM,01180101120005,02170104120083,D,5,83,0,0,0,0,0,0,0,0,2,0,0,0,0,0,0,0,0,0,2,0,0,0,0,0,0,0,0,0,2,0,0,0,0,0,0,0,2,0,2,0,112,1,0,0,0,0,0,0,0,0,0,0,0,0,0,0,0,0,0,0,0,0,0,0,0,0,0,0,0,0,0,0,0,0,0,0,0,0,0,0,0,0,0,,"
"EVO_FW2P17_BRD5_15PCS_RESEAT17,6/24/2019 4:37:24 PM,6/25/2019 4:23:18 AM,01180101120005,02170104120083,D,5,83,0,0,0,0,0,0,0,0,2,0,0,0,0,0,0,0,0,0,2,0,0,0,0,0,0,0,0,0,2,0,0,0,0,0,0,0,2,0,2,0,112,2,0,0,0,0,0,0,0,0,0,0,0,0,0,0,0,0,0,0,0,0,0,0,0,0,0,0,0,0,0,0,0,0,0,0,0,0,0,0,0,0,0,,"
"EVO_FW2P17_BRD5_15PCS_RESEAT17,6/24/2019 4:37:24 PM,6/25/2019 4:27:12 AM,01180101120005,02170104120083,D,5,83,0,0,0,0,0,0,0,0,2,0,0,0,0,0,0,0,0,0,2,0,0,0,0,0,0,0,0,0,2,0,0,0,0,0,0,0,2,0,2,0,112,3,0,0,0,0,0,0,0,0,0,0,0,0,0,0,0,0,0,0,0,0,0,0,0,0,0,0,0,0,0,0,0,0,0,0,0,0,0,0,0,0,0,,"
"EVO_FW2P17_BRD5_15PCS_RESEAT17,6/24/2019 4:37:24 PM,6/25/2019 4:31:05 AM,01180101120005,02170104120083,D,5,83,0,0,0,0,0,0,0,0,2,0,0,0,0,0,0,0,0,0,2,0,0,0,0,0,0,0,0,0,2,0,0,0,0,0,0,0,2,0,2,0,112,1,0,0,0,0,0,0,0,0,0,0,0,0,0,0,0,0,0,0,0,0,0,0,0,0,0,0,0,0,0,0,0,0,0,0,0,0,0,0,0,0,0,,"
"EVO_FW2P17_BRD5_15PCS_RESEAT17,6/24/2019 4:37:24 PM,6/25/2019 4:34:59 AM,01180101120005,02170104120083,D,5,83,0,0,0,0,0,0,0,0,2,0,0,0,0,0,0,0,0,0,2,0,0,0,0,0,0,0,0,0,2,0,0,0,0,0,0,0,2,0,2,0,112,2,0,0,0,0,0,0,0,0,0,0,0,0,0,0,0,0,0,0,0,0,0,0,0,0,0,0,0,0,0,0,0,0,0,0,0,0,0,0,0,0,0,,"
"EVO_FW2P17_BRD5_15PCS_RESEAT17,6/24/2019 4:37:24 PM,6/25/2019 4:38:52 AM,01180101120005,02170104120083,D,5,83,0,0,0,0,0,0,0,0,2,0,0,0,0,0,0,0,0,0,2,0,0,0,0,0,0,0,0,0,2,0,0,0,0,0,0,0,2,0,2,0,112,3,0,0,0,0,0,0,0,0,0,0,0,0,0,0,0,0,0,0,0,0,0,0,0,0,0,0,0,0,0,0,0,0,0,0,0,0,0,0,0,0,0,,"
"EVO_FW2P17_BRD5_15PCS_RESEAT17,6/24/2019 4:37:24 PM,6/25/2019 4:43:59 AM,01180101120005,02170104120083,D,5,83,2,0,0,0,0,0,0,0,2,0,0,0,0,0,0,0,2,0,2,0,0,0,0,0,0,0,0,0,2,0,0,0,0,0,0,0,2,0,2,0,112,1,0,0,0,0,0,0,0,0,0,0,0,0,0,0,0,0,0,0,0,0,0,0,0,0,0,0,0,0,0,0,0,0,0,0,0,0,0,0,0,0,0,,"
"EVO_FW2P17_BRD5_15PCS_RESEAT17,6/24/2019 4:37:24 PM,6/25/2019 4:47:53 AM,01180101120005,02170104120083,D,5,83,2,0,0,0,0,0,0,0,2,0,0,0,0,0,0,0,2,0,2,0,0,0,0,0,0,0,0,0,2,0,0,0,0,0,0,0,2,0,2,0,112,2,0,0,0,0,0,0,0,0,0,0,0,0,0,0,0,0,0,0,0,0,0,0,0,0,0,0,0,0,0,0,0,0,0,0,0,0,0,0,0,0,0,,"
"EVO_FW2P17_BRD5_15PCS_RESEAT17,6/24/2019 4:37:24 PM,6/25/2019 4:51:46 AM,01180101120005,02170104120083,D,5,83,2,0,0,0,0,0,0,0,2,0,0,0,0,0,0,0,2,0,2,0,0,0,0,0,0,0,0,0,2,0,0,0,0,0,0,0,2,0,2,0,112,3,0,0,0,0,0,0,0,0,0,0,0,0,0,0,0,0,0,0,0,0,0,0,0,0,0,0,0,0,0,0,0,0,0,0,0,0,0,0,0,0,0,,"
"EVO_FW2P17_BRD5_15PCS_RESEAT17,6/24/2019 4:37:24 PM,6/25/2019 4:55:40 AM,01180101120005,02170104120083,D,5,83,0,0,0,0,0,0,0,0,2,0,0,0,0,0,0,0,0,0,2,0,0,0,0,0,0,0,0,0,2,0,0,0,0,0,0,0,2,0,2,0,114,1,0,0,0,0,0,0,0,0,0,0,0,0,0,0,0,0,0,0,0,0,0,0,0,0,0,0,0,0,0,0,0,0,0,0,0,0,0,0,0,0,0,,"
"EVO_FW2P17_BRD5_15PCS_RESEAT17,6/24/2019 4:37:24 PM,6/25/2019 4:59:33 AM,01180101120005,02170104120083,D,5,83,0,0,0,0,0,0,0,0,2,0,0,0,0,0,0,0,0,0,2,0,0,0,0,0,0,0,0,0,2,0,0,0,0,0,0,0,2,0,2,0,112,2,0,0,0,0,0,0,0,0,0,0,0,0,0,0,0,0,0,0,0,0,0,0,0,0,0,0,0,0,0,0,0,0,0,0,0,0,0,0,0,0,0,,"
"EVO_FW2P17_BRD5_15PCS_RESEAT17,6/24/2019 4:37:24 PM,6/25/2019 5:03:27 AM,01180101120005,02170104120083,D,5,83,0,0,0,0,0,0,0,0,2,0,0,0,0,0,0,0,0,0,2,0,0,0,0,0,0,0,0,0,2,0,0,0,0,0,0,0,2,0,2,0,116,3,0,0,0,0,0,0,0,0,0,0,0,0,0,0,0,0,0,0,0,0,0,0,0,0,0,0,0,0,0,0,0,0,0,0,0,0,0,0,0,0,0,,"
"EVO_FW2P17_BRD5_15PCS_RESEAT17,6/24/2019 4:37:24 PM,6/25/2019 5:07:20 AM,01180101120005,02170104120083,D,5,83,0,0,0,0,0,0,0,0,2,0,0,0,0,0,0,0,0,0,2,0,0,0,0,0,0,0,0,0,2,0,0,0,0,0,0,0,2,0,2,0,112,1,0,0,0,0,0,0,0,0,0,0,0,0,0,0,0,0,0,0,0,0,0,0,0,0,0,0,0,0,0,0,0,0,0,0,0,0,0,0,0,0,0,,"
"EVO_FW2P17_BRD5_15PCS_RESEAT17,6/24/2019 4:37:24 PM,6/25/2019 5:12:27 AM,01180101120005,02170104120083,D,5,83,0,0,0,0,0,0,0,0,2,0,0,0,0,0,0,0,0,0,2,0,0,0,0,0,0,0,0,0,2,0,0,0,0,0,0,0,2,0,2,0,112,2,0,0,0,0,0,0,0,0,0,0,0,0,0,0,0,0,0,0,0,0,0,0,0,0,0,0,0,0,0,0,0,0,0,0,0,0,0,0,0,0,0,,"
"EVO_FW2P17_BRD5_15PCS_RESEAT17,6/24/2019 4:37:24 PM,6/25/2019 5:16:21 AM,01180101120005,02170104120083,D,5,83,0,0,0,0,0,0,0,0,2,0,0,0,0,0,0,0,0,0,2,0,0,0,0,0,0,0,0,0,2,0,0,0,0,0,0,0,2,0,2,0,112,3,0,0,0,0,0,0,0,0,0,0,0,0,0,0,0,0,0,0,0,0,0,0,0,0,0,0,0,0,0,0,0,0,0,0,0,0,0,0,0,0,0,,"
"EVO_FW2P17_BRD5_15PCS_RESEAT17,6/24/2019 4:37:24 PM,6/25/2019 5:20:14 AM,01180101120005,02170104120083,D,5,83,0,0,0,0,0,0,2,0,2,0,0,0,0,0,0,0,0,0,2,0,0,0,0,0,0,0,0,0,2,0,0,0,0,0,0,0,2,0,2,0,112,1,0,0,0,0,0,0,0,0,0,0,0,0,0,0,0,0,0,0,0,0,0,0,0,0,0,0,0,0,0,0,0,0,0,0,0,0,0,0,0,0,0,,"
"EVO_FW2P17_BRD5_15PCS_RESEAT17,6/24/2019 4:37:24 PM,6/25/2019 5:24:08 AM,01180101120005,02170104120083,D,5,83,0,0,0,0,0,0,2,0,2,0,0,0,0,0,0,0,0,0,2,0,0,0,0,0,0,0,0,0,2,0,0,0,0,0,0,0,2,0,2,0,112,2,0,0,0,0,0,0,0,0,0,0,0,0,0,0,0,0,0,0,0,0,0,0,0,0,0,0,0,0,0,0,0,0,0,0,0,0,0,0,0,0,0,,"
"EVO_FW2P17_BRD5_15PCS_RESEAT17,6/24/2019 4:37:24 PM,6/25/2019 5:28:01 AM,01180101120005,02170104120083,D,5,83,0,0,0,0,0,0,2,0,2,0,0,0,0,0,0,0,0,0,2,0,0,0,0,0,0,0,0,0,2,0,0,0,0,0,0,0,2,0,2,0,112,3,0,0,0,0,0,0,0,0,0,0,0,0,0,0,0,0,0,0,0,0,0,0,0,0,0,0,0,0,0,0,0,0,0,0,0,0,0,0,0,0,0,,"
"EVO_FW2P17_BRD5_15PCS_RESEAT17,6/24/2019 4:37:24 PM,6/25/2019 5:31:55 AM,01180101120005,02170104120083,D,5,83,0,0,0,0,0,0,0,0,2,0,0,0,0,0,0,0,0,0,2,0,0,0,0,0,0,0,0,0,2,0,0,0,0,0,0,0,2,0,2,0,116,1,0,0,0,0,0,0,0,0,0,0,0,0,0,0,0,0,0,0,0,0,0,0,0,0,0,0,0,0,0,0,0,0,0,0,0,0,0,0,0,0,0,,"
"EVO_FW2P17_BRD5_15PCS_RESEAT17,6/24/2019 4:37:24 PM,6/25/2019 5:35:48 AM,01180101120005,02170104120083,D,5,83,0,0,0,0,0,0,0,0,2,0,0,0,0,0,0,0,0,0,2,0,0,0,0,0,0,0,0,0,2,0,0,0,0,0,0,0,2,0,2,0,114,2,0,0,0,0,0,0,0,0,0,0,0,0,0,0,0,0,0,0,0,0,0,0,0,0,0,0,0,0,0,0,0,0,0,0,0,0,0,0,0,0,0,,"
"EVO_FW2P17_BRD5_15PCS_RESEAT17,6/24/2019 4:37:24 PM,6/25/2019 5:40:55 AM,01180101120005,02170104120083,D,5,83,0,0,0,0,0,0,0,0,2,0,0,0,0,0,0,0,0,0,2,0,0,0,0,0,0,0,0,0,2,0,0,0,0,0,0,0,2,0,2,0,112,3,0,0,0,0,0,0,0,0,0,0,0,0,0,0,0,0,0,0,0,0,0,0,0,0,0,0,0,0,0,0,0,0,0,0,0,0,0,0,0,0,0,,"
"EVO_FW2P17_BRD5_15PCS_RESEAT17,6/24/2019 4:37:24 PM,6/25/2019 5:44:49 AM,01180101120005,02170104120083,D,5,83,0,0,0,0,0,0,0,0,2,0,0,0,0,0,0,0,0,0,2,0,0,0,0,0,0,0,0,0,2,0,0,0,0,0,0,0,2,0,2,0,112,1,0,0,0,0,0,0,0,0,0,0,0,0,0,0,0,0,0,0,0,0,0,0,0,0,0,0,0,0,0,0,0,0,0,0,0,0,0,0,0,0,0,,"
"EVO_FW2P17_BRD5_15PCS_RESEAT17,6/24/2019 4:37:24 PM,6/25/2019 5:48:42 AM,01180101120005,02170104120083,D,5,83,0,0,0,0,0,0,0,0,2,0,0,0,0,0,0,0,0,0,2,0,0,0,0,0,0,0,0,0,2,0,0,0,0,0,0,0,2,0,2,0,114,2,0,0,0,0,0,0,0,0,0,0,0,0,0,0,0,0,0,0,0,0,0,0,0,0,0,0,0,0,0,0,0,0,0,0,0,0,0,0,0,0,0,,"
"EVO_FW2P17_BRD5_15PCS_RESEAT17,6/24/2019 4:37:24 PM,6/25/2019 5:52:36 AM,01180101120005,02170104120083,D,5,83,0,0,0,0,0,0,0,0,2,0,0,0,0,0,0,0,0,0,2,0,0,0,0,0,0,0,0,0,2,0,0,0,0,0,0,0,2,0,2,0,112,3,0,0,0,0,0,0,0,0,0,0,0,0,0,0,0,0,0,0,0,0,0,0,0,0,0,0,0,0,0,0,0,0,0,0,0,0,0,0,0,0,0,,"
"EVO_FW2P17_BRD5_15PCS_RESEAT17,6/24/2019 4:37:24 PM,6/25/2019 5:56:29 AM,01180101120005,02170104120083,D,5,83,0,0,0,0,0,0,0,0,2,0,0,0,0,0,0,0,0,0,2,0,0,0,0,0,0,0,0,0,2,0,0,0,0,0,0,0,2,0,2,0,112,1,0,0,0,0,0,0,0,0,0,0,0,0,0,0,0,0,0,0,0,0,0,0,0,0,0,0,0,0,0,0,0,0,0,0,0,0,0,0,0,0,0,,"
"EVO_FW2P17_BRD5_15PCS_RESEAT17,6/24/2019 4:37:24 PM,6/25/2019 6:00:23 AM,01180101120005,02170104120083,D,5,83,0,0,0,0,0,0,0,0,2,0,0,0,0,0,0,0,0,0,2,0,0,0,0,0,0,0,0,0,2,0,0,0,0,0,0,0,2,0,2,0,112,2,0,0,0,0,0,0,0,0,0,0,0,0,0,0,0,0,0,0,0,0,0,0,0,0,0,0,0,0,0,0,0,0,0,0,0,0,0,0,0,0,0,,"
"EVO_FW2P17_BRD5_15PCS_RESEAT17,6/24/2019 4:37:24 PM,6/25/2019 6:04:16 AM,01180101120005,02170104120083,D,5,83,0,0,0,0,0,0,0,0,2,0,0,0,0,0,0,0,0,0,2,0,0,0,0,0,0,0,0,0,2,0,0,0,0,0,0,0,2,0,2,0,112,3,0,0,0,0,0,0,0,0,0,0,0,0,0,0,0,0,0,0,0,0,0,0,0,0,0,0,0,0,0,0,0,0,0,0,0,0,0,0,0,0,0,,"
"EVO_FW2P17_BRD5_15PCS_RESEAT17,6/24/2019 4:37:24 PM,6/25/2019 6:09:23 AM,01180101120005,02170104120083,D,5,83,0,0,0,0,0,0,0,0,2,0,0,0,0,0,0,0,0,0,2,0,0,0,0,0,0,0,0,0,2,0,0,0,0,0,0,0,2,0,2,0,112,1,0,0,0,0,0,0,0,0,0,0,0,0,0,0,0,0,0,0,0,0,0,0,0,0,0,0,0,0,0,0,0,0,0,0,0,0,0,0,0,0,0,,"
"EVO_FW2P17_BRD5_15PCS_RESEAT17,6/24/2019 4:37:24 PM,6/25/2019 6:13:17 AM,01180101120005,02170104120083,D,5,83,0,0,0,0,0,0,0,0,2,0,0,0,0,0,0,0,0,0,2,0,0,0,0,0,0,0,0,0,2,0,0,0,0,0,0,0,2,0,2,0,112,2,0,0,0,0,0,0,0,0,0,0,0,0,0,0,0,0,0,0,0,0,0,0,0,0,0,0,0,0,0,0,0,0,0,0,0,0,0,0,0,0,0,,"
"EVO_FW2P17_BRD5_15PCS_RESEAT17,6/24/2019 4:37:24 PM,6/25/2019 6:17:10 AM,01180101120005,02170104120083,D,5,83,0,0,0,0,0,0,0,0,2,0,0,0,0,0,0,0,0,0,2,0,0,0,0,0,0,0,0,0,2,0,0,0,0,0,0,0,2,0,2,0,114,3,0,0,0,0,0,0,0,0,0,0,0,0,0,0,0,0,0,0,0,0,0,0,0,0,0,0,0,0,0,0,0,0,0,0,0,0,0,0,0,0,0,,"
"EVO_FW2P17_BRD5_15PCS_RESEAT17,6/24/2019 4:37:24 PM,6/25/2019 6:21:04 AM,01180101120005,02170104120083,D,5,83,0,0,0,0,0,0,0,0,2,0,0,0,0,0,0,0,0,0,2,0,0,0,0,0,0,0,0,0,2,0,0,0,0,0,0,0,2,0,2,0,114,1,0,0,0,0,0,0,0,0,0,0,0,0,0,0,0,0,0,0,0,0,0,0,0,0,0,0,0,0,0,0,0,0,0,0,0,0,0,0,0,0,0,,"
"EVO_FW2P17_BRD5_15PCS_RESEAT17,6/24/2019 4:37:24 PM,6/25/2019 6:24:57 AM,01180101120005,02170104120083,D,5,83,0,0,0,0,0,0,0,0,2,0,0,0,0,0,0,0,0,0,2,0,0,0,0,0,0,0,0,0,2,0,0,0,0,0,0,0,2,0,2,0,112,2,0,0,0,0,0,0,0,0,0,0,0,0,0,0,0,0,0,0,0,0,0,0,0,0,0,0,0,0,0,0,0,0,0,0,0,0,0,0,0,0,0,,"
"EVO_FW2P17_BRD5_15PCS_RESEAT17,6/24/2019 4:37:24 PM,6/25/2019 6:28:51 AM,01180101120005,02170104120083,D,5,83,0,0,0,0,0,0,0,0,2,0,0,0,0,0,0,0,0,0,2,0,0,0,0,0,0,0,0,0,2,0,0,0,0,0,0,0,2,0,2,0,112,3,0,0,0,0,0,0,0,0,0,0,0,0,0,0,0,0,0,0,0,0,0,0,0,0,0,0,0,0,0,0,0,0,0,0,0,0,0,0,0,0,0,,"
"EVO_FW2P17_BRD5_15PCS_RESEAT17,6/24/2019 4:37:24 PM,6/25/2019 6:33:58 AM,01180101120005,02170104120083,D,5,83,0,0,0,0,0,0,0,0,2,0,0,0,0,0,0,0,0,0,2,0,0,0,0,0,0,0,0,0,2,0,0,0,0,0,0,0,2,0,2,0,112,1,0,0,0,0,0,0,0,0,0,0,0,0,0,0,0,0,0,0,0,0,0,0,0,0,0,0,0,0,0,0,0,0,0,0,0,0,0,0,0,0,0,,"
"EVO_FW2P17_BRD5_15PCS_RESEAT17,6/24/2019 4:37:24 PM,6/25/2019 6:37:51 AM,01180101120005,02170104120083,D,5,83,0,0,0,0,0,0,0,0,2,0,0,0,0,0,0,0,0,0,2,0,0,0,0,0,0,0,0,0,2,0,0,0,0,0,0,0,2,0,2,0,113,2,0,0,0,0,0,0,0,0,0,0,0,0,0,0,0,0,0,0,0,0,0,0,0,0,0,0,0,0,0,0,0,0,0,0,0,0,0,0,0,0,0,,"
"EVO_FW2P17_BRD5_15PCS_RESEAT17,6/24/2019 4:37:24 PM,6/25/2019 6:41:45 AM,01180101120005,02170104120083,D,5,83,0,0,0,0,0,0,0,0,2,0,0,0,0,0,0,0,0,0,2,0,0,0,0,0,0,0,0,0,2,0,0,0,0,0,0,0,2,0,2,0,114,3,0,0,0,0,0,0,0,0,0,0,0,0,0,0,0,0,0,0,0,0,0,0,0,0,0,0,0,0,0,0,0,0,0,0,0,0,0,0,0,0,0,,"
"EVO_FW2P17_BRD5_15PCS_RESEAT17,6/24/2019 4:37:24 PM,6/25/2019 6:45:38 AM,01180101120005,02170104120083,D,5,83,0,0,0,0,0,0,0,0,2,0,0,0,0,0,0,0,0,0,2,0,0,0,0,0,0,0,0,0,2,0,0,0,0,0,0,0,2,0,2,0,112,1,0,0,0,0,0,0,0,0,0,0,0,0,0,0,0,0,0,0,0,0,0,0,0,0,0,0,0,0,0,0,0,0,0,0,0,0,0,0,0,0,0,,"
"EVO_FW2P17_BRD5_15PCS_RESEAT17,6/24/2019 4:37:24 PM,6/25/2019 6:49:32 AM,01180101120005,02170104120083,D,5,83,0,0,0,0,0,0,0,0,2,0,0,0,0,0,0,0,0,0,2,0,0,0,0,0,0,0,0,0,2,0,0,0,0,0,0,0,2,0,2,0,113,2,0,0,0,0,0,0,0,0,0,0,0,0,0,0,0,0,0,0,0,0,0,0,0,0,0,0,0,0,0,0,0,0,0,0,0,0,0,0,0,0,0,,"
"EVO_FW2P17_BRD5_15PCS_RESEAT17,6/24/2019 4:37:24 PM,6/25/2019 6:53:25 AM,01180101120005,02170104120083,D,5,83,0,0,0,0,0,0,0,0,2,0,0,0,0,0,0,0,0,0,2,0,0,0,0,0,0,0,0,0,2,0,0,0,0,0,0,0,2,0,2,0,112,3,0,0,0,0,0,0,0,0,0,0,0,0,0,0,0,0,0,0,0,0,0,0,0,0,0,0,0,0,0,0,0,0,0,0,0,0,0,0,0,0,0,,"
"EVO_FW2P17_BRD5_15PCS_RESEAT17,6/24/2019 4:37:24 PM,6/25/2019 6:58:32 AM,01180101120005,02170104120083,D,5,83,0,0,0,0,0,0,0,0,2,0,0,0,0,0,0,0,0,0,2,0,0,0,0,0,0,0,0,0,2,0,0,0,0,0,0,0,2,0,2,0,114,1,0,0,0,0,0,0,0,0,0,0,0,0,0,0,0,0,0,0,0,0,0,0,0,0,0,0,0,0,0,0,0,0,0,0,0,0,0,0,0,0,0,,"
"EVO_FW2P17_BRD5_15PCS_RESEAT17,6/24/2019 4:37:24 PM,6/25/2019 7:02:26 AM,01180101120005,02170104120083,D,5,83,0,0,0,0,0,0,0,0,2,0,0,0,0,0,0,0,0,0,2,0,0,0,0,0,0,0,0,0,2,0,0,0,0,0,0,0,2,0,2,0,114,2,0,0,0,0,0,0,0,0,0,0,0,0,0,0,0,0,0,0,0,0,0,0,0,0,0,0,0,0,0,0,0,0,0,0,0,0,0,0,0,0,0,,"
"EVO_FW2P17_BRD5_15PCS_RESEAT17,6/24/2019 4:37:24 PM,6/25/2019 7:06:19 AM,01180101120005,02170104120083,D,5,83,0,0,0,0,0,0,0,0,2,0,0,0,0,0,0,0,0,0,2,0,0,0,0,0,0,0,0,0,2,0,0,0,0,0,0,0,2,0,2,0,112,3,0,0,0,0,0,0,0,0,0,0,0,0,0,0,0,0,0,0,0,0,0,0,0,0,0,0,0,0,0,0,0,0,0,0,0,0,0,0,0,0,0,,"
"EVO_FW2P17_BRD5_15PCS_RESEAT17,6/24/2019 4:37:24 PM,6/25/2019 7:10:13 AM,01180101120005,02170104120083,D,5,83,0,0,0,0,0,0,0,0,2,0,0,0,0,0,0,0,0,0,2,0,0,0,0,0,0,0,0,0,2,0,0,0,0,0,0,0,2,0,2,0,112,1,0,0,0,0,0,0,0,0,0,0,0,0,0,0,0,0,0,0,0,0,0,0,0,0,0,0,0,0,0,0,0,0,0,0,0,0,0,0,0,0,0,,"
"EVO_FW2P17_BRD5_15PCS_RESEAT17,6/24/2019 4:37:24 PM,6/25/2019 7:14:06 AM,01180101120005,02170104120083,D,5,83,0,0,0,0,0,0,0,0,2,0,0,0,0,0,0,0,0,0,2,0,0,0,0,0,0,0,0,0,2,0,0,0,0,0,0,0,2,0,2,0,112,2,0,0,0,0,0,0,0,0,0,0,0,0,0,0,0,0,0,0,0,0,0,0,0,0,0,0,0,0,0,0,0,0,0,0,0,0,0,0,0,0,0,,"
"EVO_FW2P17_BRD5_15PCS_RESEAT17,6/24/2019 4:37:24 PM,6/25/2019 7:18:00 AM,01180101120005,02170104120083,D,5,83,0,0,0,0,0,0,0,0,2,0,0,0,0,0,0,0,0,0,2,0,0,0,0,0,0,0,0,0,2,0,0,0,0,0,0,0,2,0,2,0,112,3,0,0,0,0,0,0,0,0,0,0,0,0,0,0,0,0,0,0,0,0,0,0,0,0,0,0,0,0,0,0,0,0,0,0,0,0,0,0,0,0,0,,"
"EVO_FW2P17_BRD5_15PCS_RESEAT17,6/24/2019 4:37:24 PM,6/25/2019 7:21:53 AM,01180101120005,02170104120083,D,5,83,0,0,0,0,0,0,0,0,2,0,0,0,0,0,0,0,0,0,2,0,0,0,0,0,0,0,0,0,2,0,0,0,0,0,0,0,2,0,2,0,114,1,0,0,0,0,0,0,0,0,0,0,0,0,0,0,0,0,0,0,0,0,0,0,0,0,0,0,0,0,0,0,0,0,0,0,0,0,0,0,0,0,0,,"
"EVO_FW2P17_BRD5_15PCS_RESEAT17,6/24/2019 4:37:24 PM,6/25/2019 7:27:00 AM,01180101120005,02170104120083,D,5,83,0,0,0,0,0,0,0,0,2,0,0,0,0,0,0,0,0,0,2,0,0,0,0,0,0,0,0,0,2,0,0,0,0,0,0,0,2,0,2,0,112,2,0,0,0,0,0,0,0,0,0,0,0,0,0,0,0,0,0,0,0,0,0,0,0,0,0,0,0,0,0,0,0,0,0,0,0,0,0,0,0,0,0,,"
"EVO_FW2P17_BRD5_15PCS_RESEAT17,6/24/2019 4:37:24 PM,6/25/2019 7:30:54 AM,01180101120005,02170104120083,D,5,83,0,0,0,0,0,0,0,0,2,0,0,0,0,0,0,0,0,0,2,0,0,0,0,0,0,0,0,0,2,0,0,0,0,0,0,0,2,0,2,0,112,3,0,0,0,0,0,0,0,0,0,0,0,0,0,0,0,0,0,0,0,0,0,0,0,0,0,0,0,0,0,0,0,0,0,0,0,0,0,0,0,0,0,,"
"EVO_FW2P17_BRD5_15PCS_RESEAT17,6/24/2019 4:37:24 PM,6/25/2019 7:34:47 AM,01180101120005,02170104120083,D,5,83,0,0,0,0,0,0,0,0,2,0,0,0,0,0,0,0,0,0,2,0,0,0,0,0,0,0,0,0,2,0,0,0,0,0,0,0,2,0,2,0,114,1,0,0,0,0,0,0,0,0,0,0,0,0,0,0,0,0,0,0,0,0,0,0,0,0,0,0,0,0,0,0,0,0,0,0,0,0,0,0,0,0,0,,"
"EVO_FW2P17_BRD5_15PCS_RESEAT17,6/24/2019 4:37:24 PM,6/25/2019 7:38:41 AM,01180101120005,02170104120083,D,5,83,0,0,0,0,0,0,0,0,2,0,0,0,0,0,0,0,0,0,2,0,0,0,0,0,0,0,0,0,2,0,0,0,0,0,0,0,2,0,2,0,112,2,0,0,0,0,0,0,0,0,0,0,0,0,0,0,0,0,0,0,0,0,0,0,0,0,0,0,0,0,0,0,0,0,0,0,0,0,0,0,0,0,0,,"
"EVO_FW2P17_BRD5_15PCS_RESEAT17,6/24/2019 4:37:24 PM,6/25/2019 7:42:34 AM,01180101120005,02170104120083,D,5,83,0,0,0,0,0,0,0,0,2,0,0,0,0,0,0,0,0,0,2,0,0,0,0,0,0,0,0,0,2,0,0,0,1,189,0,0,2,0,2,0,112,3,0,0,0,0,0,0,0,0,0,0,0,0,0,0,0,0,0,0,0,0,0,0,0,0,0,0,0,0,0,0,0,0,0,0,0,0,0,0,0,0,0,,"
"EVO_FW2P17_BRD5_15PCS_RESEAT17,6/24/2019 4:37:24 PM,6/25/2019 7:46:28 AM,01180101120005,02170104120083,D,5,83,0,0,0,0,0,0,0,0,2,0,0,0,0,0,0,0,0,0,2,0,0,0,0,0,0,0,0,0,2,0,0,0,2,0,0,0,2,0,2,0,112,1,0,0,0,0,0,0,0,0,0,0,0,0,0,0,0,0,0,0,0,0,0,0,0,0,0,0,0,0,0,0,0,0,0,0,0,0,0,0,0,0,0,,"
"EVO_FW2P17_BRD5_15PCS_RESEAT17,6/24/2019 4:37:24 PM,6/25/2019 7:50:21 AM,01180101120005,02170104120083,D,5,83,0,0,0,0,0,0,0,0,2,0,0,0,0,0,0,0,0,0,2,0,0,0,0,0,0,0,0,0,2,0,0,0,2,0,0,0,2,0,2,0,112,2,0,0,0,0,0,0,0,0,0,0,0,0,0,0,0,0,0,0,0,0,0,0,0,0,0,0,0,0,0,0,0,0,0,0,0,0,0,0,0,0,0,,"
"EVO_FW2P17_BRD5_15PCS_RESEAT17,6/24/2019 4:37:24 PM,6/25/2019 7:55:28 AM,01180101120005,02170104120083,D,5,83,0,0,0,0,0,0,0,0,2,0,0,0,0,0,0,0,0,0,2,0,0,0,0,0,0,0,0,0,2,0,0,0,2,0,0,0,2,0,2,0,95,3,0,0,0,0,0,0,0,0,0,0,0,0,0,0,0,0,0,0,0,0,0,0,0,0,0,0,0,0,0,0,0,0,0,0,0,0,0,0,0,0,0,,"
"EVO_FW2P17_BRD5_15PCS_RESEAT17,6/24/2019 4:37:24 PM,6/25/2019 7:59:22 AM,01180101120005,02170104120083,D,5,83,0,0,0,0,0,0,0,0,2,0,0,0,0,0,0,0,0,0,2,0,0,0,0,0,0,0,0,0,2,0,0,0,2,0,0,0,2,0,2,0,75,1,0,0,0,0,0,0,0,0,0,0,0,0,0,0,0,0,0,0,0,0,0,0,0,0,0,0,0,0,0,0,0,0,0,0,0,0,0,0,0,0,0,,"
"EVO_FW2P17_BRD5_15PCS_RESEAT17,6/24/2019 4:37:24 PM,6/25/2019 8:03:15 AM,01180101120005,02170104120083,D,5,83,0,0,0,0,0,0,0,0,2,0,0,0,0,0,0,0,0,0,2,0,0,0,0,0,0,0,0,0,2,0,0,0,2,0,0,0,2,0,2,0,63,2,0,0,0,0,0,0,0,0,0,0,0,0,0,0,0,0,0,0,0,0,0,0,0,0,0,0,0,0,0,0,0,0,0,0,0,0,0,0,0,0,0,,"
"EVO_FW2P17_BRD5_15PCS_RESEAT17,6/24/2019 4:37:24 PM,6/25/2019 8:07:09 AM,01180101120005,02170104120083,D,5,83,0,0,0,0,0,0,0,0,2,0,0,0,0,0,0,0,0,0,2,0,0,0,0,0,0,0,0,0,2,0,0,0,2,0,0,0,2,0,2,0,58,3,0,0,0,0,0,0,0,0,0,0,0,0,0,0,0,0,0,0,0,0,0,0,0,0,0,0,0,0,0,0,0,0,0,0,0,0,0,0,0,0,0,,"
"EVO_FW2P17_BRD5_15PCS_RESEAT17,6/24/2019 4:37:24 PM,6/25/2019 8:11:02 AM,01180101120005,02170104120083,D,5,83,0,0,0,0,0,0,0,0,2,0,0,0,0,0,0,0,0,0,2,0,0,0,0,0,0,0,0,0,2,0,0,0,2,0,0,0,2,0,2,0,50,1,0,0,0,0,0,0,0,0,0,0,0,0,0,0,0,0,0,0,0,0,0,0,0,0,0,0,0,0,0,0,0,0,0,0,0,0,0,0,0,0,0,,"
"EVO_FW2P17_BRD5_15PCS_RESEAT17,6/24/2019 4:37:24 PM,6/25/2019 8:14:56 AM,01180101120005,02170104120083,D,5,83,0,0,0,0,0,0,0,0,2,0,0,0,0,0,0,0,0,0,2,0,0,0,0,0,0,0,0,0,2,0,0,0,2,0,0,0,2,0,2,0,46,2,0,0,0,0,0,0,0,0,0,0,0,0,0,0,0,0,0,0,0,0,0,0,0,0,0,0,0,0,0,0,0,0,0,0,0,0,0,0,0,0,0,,"
"EVO_FW2P17_BRD5_15PCS_RESEAT17,6/24/2019 4:37:24 PM,6/25/2019 8:18:49 AM,01180101120005,02170104120083,D,5,83,0,0,0,0,0,0,0,0,2,0,0,0,0,0,0,0,0,0,2,0,0,0,0,0,0,0,0,0,2,0,0,0,2,0,0,0,2,0,2,0,43,3,0,0,0,0,0,0,0,0,0,0,0,0,0,0,0,0,0,0,0,0,0,0,0,0,0,0,0,0,0,0,0,0,0,0,0,0,0,0,0,0,0,,"
"EVO_FW2P17_BRD5_15PCS_RESEAT17,6/24/2019 4:37:24 PM,6/25/2019 8:23:56 AM,01180101120005,02170104120083,D,5,83,0,0,0,0,2,0,0,0,2,0,0,0,0,0,0,0,0,0,2,0,0,0,0,0,0,0,0,0,2,0,0,0,2,0,0,0,2,0,2,0,41,1,0,0,0,0,0,0,0,0,0,0,0,0,0,0,0,0,0,0,0,0,0,0,0,0,0,0,0,0,0,0,0,0,0,0,0,0,0,0,0,0,0,,"
"EVO_FW2P17_BRD5_15PCS_RESEAT17,6/24/2019 4:37:24 PM,6/25/2019 8:27:50 AM,01180101120005,02170104120083,D,5,83,0,0,0,0,2,0,0,0,2,0,0,0,0,0,0,0,0,0,2,0,0,0,0,0,0,0,0,0,2,0,0,0,2,0,0,0,2,0,2,0,39,2,0,0,0,0,0,0,0,0,0,0,0,0,0,0,0,0,0,0,0,0,0,0,0,0,0,0,0,0,0,0,0,0,0,0,0,0,0,0,0,0,0,,"
"EVO_FW2P17_BRD5_15PCS_RESEAT17,6/24/2019 4:37:24 PM,6/25/2019 8:31:43 AM,01180101120005,02170104120083,D,5,83,0,0,0,0,2,0,0,0,2,0,0,0,0,0,0,0,0,0,2,0,0,0,0,0,0,0,0,0,2,0,0,0,2,0,0,0,2,0,2,0,38,3,0,0,0,0,0,0,0,0,0,0,0,0,0,0,0,0,0,0,0,0,0,0,0,0,0,0,0,0,0,0,0,0,0,0,0,0,0,0,0,0,0,,"
"EVO_FW2P17_BRD5_15PCS_RESEAT17,6/24/2019 4:37:24 PM,6/25/2019 8:35:37 AM,01180101120005,02170104120083,D,5,83,0,0,0,0,2,0,0,0,2,0,0,0,0,0,0,0,0,0,2,0,0,0,0,0,0,0,0,0,2,0,0,0,2,0,0,0,2,0,2,0,38,1,0,0,0,0,0,0,0,0,0,0,0,0,0,0,0,0,0,0,0,0,0,0,0,0,0,0,0,0,0,0,0,0,0,0,0,0,0,0,0,0,0,,"
